Vivado Simulator 2017.2
Copyright 1986-1999, 2001-2016 Xilinx, Inc. All Rights Reserved.
Running: C:/Xilinx/Vivado/2017.2/bin/unwrapped/win64.o/xelab.exe -wto 7a93cb2e0baa4faa83f00d3c693c70ca --debug typical --relax --mt 2 -L xil_defaultlib -L unisims_ver -L unimacro_ver -L secureip -L xpm --snapshot tb_behav xil_defaultlib.tb xil_defaultlib.glbl -log elaborate.log 
Using 2 slave threads.
Starting static elaboration
Completed static elaboration
Starting simulation data flow analysis
Completed simulation data flow analysis
Time Resolution for simulation is 1ps
Compiling module unisims_ver.BUFG
Compiling module unisims_ver.IBUF
Compiling module unisims_ver.MMCME2_ADV(CLKFBOUT_MULT_F=10.0,...
Compiling module unisims_ver.x_lut1_mux2
Compiling module unisims_ver.LUT1
Compiling module xil_defaultlib.design_1_clk_wiz_1_1_design_1_cl...
Compiling module xil_defaultlib.design_1_clk_wiz_1_1
Compiling module unisims_ver.GND
Compiling module unisims_ver.LUT5
Compiling module unisims_ver.x_lut3_mux8
Compiling module unisims_ver.LUT3
Compiling module unisims_ver.x_lut2_mux4
Compiling module unisims_ver.LUT2
Compiling module unisims_ver.FDCE_default
Compiling module unisims_ver.LUT6
Compiling module unisims_ver.LUT4
Compiling module unisims_ver.FDCE(IS_C_INVERTED=1'b1)
Compiling module xil_defaultlib.design_1_mdm_1_1_MB_FDC_1
Compiling module unisims_ver.FDRE(IS_C_INVERTED=1'b1)
Compiling module xil_defaultlib.design_1_mdm_1_1_MB_FDRE_1
Compiling module unisims_ver.SRL16E_default
Compiling module xil_defaultlib.design_1_mdm_1_1_MB_SRL16E
Compiling module xil_defaultlib.design_1_mdm_1_1_MB_SRL16E__para...
Compiling module xil_defaultlib.design_1_mdm_1_1_MB_SRL16E__para...
Compiling module xil_defaultlib.design_1_mdm_1_1_MB_SRL16E__para...
Compiling module unisims_ver.FDPE_default
Compiling module xil_defaultlib.design_1_mdm_1_1_JTAG_CONTROL
Compiling module unisims_ver.FDRE_default
Compiling module xil_defaultlib.design_1_mdm_1_1_MDM_Core
Compiling module xil_defaultlib.design_1_mdm_1_1_MB_BUFG
Compiling module unisims_ver.BSCANE2(JTAG_CHAIN=2)
Compiling module xil_defaultlib.design_1_mdm_1_1_MB_BSCANE2
Compiling module unisims_ver.VCC
Compiling module xil_defaultlib.design_1_mdm_1_1_MDM
Compiling module xil_defaultlib.design_1_mdm_1_1
Compiling module xil_defaultlib.design_1_microblaze_0_1_MB_MUXCY...
Compiling module xil_defaultlib.design_1_microblaze_0_1_MB_LUT4
Compiling module xil_defaultlib.design_1_microblaze_0_1_MB_LUT6_...
Compiling module xil_defaultlib.design_1_microblaze_0_1_MB_MULT_...
Compiling module xil_defaultlib.design_1_microblaze_0_1_MB_MUXCY...
Compiling module xil_defaultlib.design_1_microblaze_0_1_MB_MUXCY...
Compiling module xil_defaultlib.design_1_microblaze_0_1_ALU_Bit_...
Compiling module unisims_ver.LUT6_2(INIT=64'b0110000001111010...
Compiling module xil_defaultlib.design_1_microblaze_0_1_MB_LUT6_...
Compiling module unisims_ver.CARRY4
Compiling module xil_defaultlib.design_1_microblaze_0_1_MB_MUXCY...
Compiling module xil_defaultlib.design_1_microblaze_0_1_ALU_Bit
Compiling module xil_defaultlib.design_1_microblaze_0_1_MB_LUT6_...
Compiling module xil_defaultlib.design_1_microblaze_0_1_MB_MUXCY...
Compiling module xil_defaultlib.design_1_microblaze_0_1_ALU_Bit_...
Compiling module xil_defaultlib.design_1_microblaze_0_1_MB_LUT6_...
Compiling module xil_defaultlib.design_1_microblaze_0_1_MB_MUXCY...
Compiling module xil_defaultlib.design_1_microblaze_0_1_ALU_Bit_...
Compiling module xil_defaultlib.design_1_microblaze_0_1_MB_LUT6_...
Compiling module xil_defaultlib.design_1_microblaze_0_1_MB_MUXCY...
Compiling module xil_defaultlib.design_1_microblaze_0_1_ALU_Bit_...
Compiling module xil_defaultlib.design_1_microblaze_0_1_MB_LUT6_...
Compiling module xil_defaultlib.design_1_microblaze_0_1_MB_MUXCY...
Compiling module xil_defaultlib.design_1_microblaze_0_1_ALU_Bit_...
Compiling module xil_defaultlib.design_1_microblaze_0_1_MB_LUT6_...
Compiling module xil_defaultlib.design_1_microblaze_0_1_MB_MUXCY...
Compiling module xil_defaultlib.design_1_microblaze_0_1_ALU_Bit_...
Compiling module xil_defaultlib.design_1_microblaze_0_1_MB_LUT6_...
Compiling module xil_defaultlib.design_1_microblaze_0_1_MB_MUXCY...
Compiling module xil_defaultlib.design_1_microblaze_0_1_ALU_Bit_...
Compiling module xil_defaultlib.design_1_microblaze_0_1_MB_LUT6_...
Compiling module xil_defaultlib.design_1_microblaze_0_1_MB_MUXCY...
Compiling module xil_defaultlib.design_1_microblaze_0_1_ALU_Bit_...
Compiling module xil_defaultlib.design_1_microblaze_0_1_MB_LUT6_...
Compiling module xil_defaultlib.design_1_microblaze_0_1_MB_MUXCY...
Compiling module xil_defaultlib.design_1_microblaze_0_1_ALU_Bit_...
Compiling module xil_defaultlib.design_1_microblaze_0_1_MB_LUT6_...
Compiling module xil_defaultlib.design_1_microblaze_0_1_MB_MUXCY...
Compiling module xil_defaultlib.design_1_microblaze_0_1_ALU_Bit_...
Compiling module xil_defaultlib.design_1_microblaze_0_1_MB_LUT6_...
Compiling module xil_defaultlib.design_1_microblaze_0_1_MB_MUXCY...
Compiling module xil_defaultlib.design_1_microblaze_0_1_ALU_Bit_...
Compiling module xil_defaultlib.design_1_microblaze_0_1_MB_LUT6_...
Compiling module xil_defaultlib.design_1_microblaze_0_1_MB_MUXCY...
Compiling module xil_defaultlib.design_1_microblaze_0_1_ALU_Bit_...
Compiling module xil_defaultlib.design_1_microblaze_0_1_MB_LUT6_...
Compiling module xil_defaultlib.design_1_microblaze_0_1_MB_MUXCY...
Compiling module xil_defaultlib.design_1_microblaze_0_1_ALU_Bit_...
Compiling module xil_defaultlib.design_1_microblaze_0_1_MB_LUT6_...
Compiling module xil_defaultlib.design_1_microblaze_0_1_MB_MUXCY...
Compiling module xil_defaultlib.design_1_microblaze_0_1_ALU_Bit_...
Compiling module xil_defaultlib.design_1_microblaze_0_1_MB_LUT6_...
Compiling module xil_defaultlib.design_1_microblaze_0_1_MB_MUXCY...
Compiling module xil_defaultlib.design_1_microblaze_0_1_ALU_Bit_...
Compiling module xil_defaultlib.design_1_microblaze_0_1_MB_LUT6_...
Compiling module xil_defaultlib.design_1_microblaze_0_1_MB_MUXCY...
Compiling module xil_defaultlib.design_1_microblaze_0_1_ALU_Bit_...
Compiling module xil_defaultlib.design_1_microblaze_0_1_MB_LUT6_...
Compiling module xil_defaultlib.design_1_microblaze_0_1_MB_MUXCY...
Compiling module xil_defaultlib.design_1_microblaze_0_1_ALU_Bit_...
Compiling module xil_defaultlib.design_1_microblaze_0_1_MB_LUT6_...
Compiling module xil_defaultlib.design_1_microblaze_0_1_MB_MUXCY...
Compiling module xil_defaultlib.design_1_microblaze_0_1_ALU_Bit_...
Compiling module xil_defaultlib.design_1_microblaze_0_1_MB_LUT6_...
Compiling module xil_defaultlib.design_1_microblaze_0_1_MB_MUXCY...
Compiling module xil_defaultlib.design_1_microblaze_0_1_ALU_Bit_...
Compiling module xil_defaultlib.design_1_microblaze_0_1_MB_LUT6_...
Compiling module xil_defaultlib.design_1_microblaze_0_1_MB_MUXCY...
Compiling module xil_defaultlib.design_1_microblaze_0_1_ALU_Bit_...
Compiling module xil_defaultlib.design_1_microblaze_0_1_MB_LUT6_...
Compiling module xil_defaultlib.design_1_microblaze_0_1_MB_MUXCY...
Compiling module xil_defaultlib.design_1_microblaze_0_1_ALU_Bit_...
Compiling module xil_defaultlib.design_1_microblaze_0_1_MB_LUT6_...
Compiling module xil_defaultlib.design_1_microblaze_0_1_MB_MUXCY...
Compiling module xil_defaultlib.design_1_microblaze_0_1_ALU_Bit_...
Compiling module xil_defaultlib.design_1_microblaze_0_1_MB_LUT6_...
Compiling module xil_defaultlib.design_1_microblaze_0_1_MB_MUXCY...
Compiling module xil_defaultlib.design_1_microblaze_0_1_ALU_Bit_...
Compiling module xil_defaultlib.design_1_microblaze_0_1_MB_LUT6_...
Compiling module xil_defaultlib.design_1_microblaze_0_1_MB_MUXCY...
Compiling module xil_defaultlib.design_1_microblaze_0_1_ALU_Bit_...
Compiling module xil_defaultlib.design_1_microblaze_0_1_MB_LUT6_...
Compiling module xil_defaultlib.design_1_microblaze_0_1_MB_MUXCY...
Compiling module xil_defaultlib.design_1_microblaze_0_1_ALU_Bit_...
Compiling module xil_defaultlib.design_1_microblaze_0_1_MB_LUT6_...
Compiling module xil_defaultlib.design_1_microblaze_0_1_MB_MUXCY...
Compiling module xil_defaultlib.design_1_microblaze_0_1_ALU_Bit_...
Compiling module xil_defaultlib.design_1_microblaze_0_1_MB_LUT6_...
Compiling module xil_defaultlib.design_1_microblaze_0_1_MB_MUXCY...
Compiling module xil_defaultlib.design_1_microblaze_0_1_ALU_Bit_...
Compiling module xil_defaultlib.design_1_microblaze_0_1_MB_LUT6_...
Compiling module xil_defaultlib.design_1_microblaze_0_1_MB_MUXCY...
Compiling module xil_defaultlib.design_1_microblaze_0_1_ALU_Bit_...
Compiling module xil_defaultlib.design_1_microblaze_0_1_MB_LUT6_...
Compiling module xil_defaultlib.design_1_microblaze_0_1_MB_MUXCY...
Compiling module xil_defaultlib.design_1_microblaze_0_1_ALU_Bit_...
Compiling module xil_defaultlib.design_1_microblaze_0_1_MB_LUT6_...
Compiling module xil_defaultlib.design_1_microblaze_0_1_MB_MUXCY...
Compiling module xil_defaultlib.design_1_microblaze_0_1_ALU_Bit_...
Compiling module xil_defaultlib.design_1_microblaze_0_1_MB_LUT6_...
Compiling module xil_defaultlib.design_1_microblaze_0_1_MB_MUXCY...
Compiling module xil_defaultlib.design_1_microblaze_0_1_ALU_Bit_...
Compiling module xil_defaultlib.design_1_microblaze_0_1_ALU
Compiling module xil_defaultlib.design_1_microblaze_0_1_Byte_Dou...
Compiling module xil_defaultlib.design_1_microblaze_0_1_MB_FDRE_...
Compiling module xil_defaultlib.design_1_microblaze_0_1_MB_FDRE_...
Compiling module xil_defaultlib.design_1_microblaze_0_1_MB_FDRE_...
Compiling module xil_defaultlib.design_1_microblaze_0_1_MB_FDRE_...
Compiling module xil_defaultlib.design_1_microblaze_0_1_MB_FDRE_...
Compiling module xil_defaultlib.design_1_microblaze_0_1_MB_FDRE_...
Compiling module xil_defaultlib.design_1_microblaze_0_1_MB_FDRE_...
Compiling module xil_defaultlib.design_1_microblaze_0_1_MB_FDRE_...
Compiling module xil_defaultlib.design_1_microblaze_0_1_MB_FDRE_...
Compiling module xil_defaultlib.design_1_microblaze_0_1_MB_FDRE_...
Compiling module xil_defaultlib.design_1_microblaze_0_1_MB_FDRE_...
Compiling module xil_defaultlib.design_1_microblaze_0_1_MB_FDRE_...
Compiling module xil_defaultlib.design_1_microblaze_0_1_MB_FDRE_...
Compiling module xil_defaultlib.design_1_microblaze_0_1_MB_FDRE_...
Compiling module xil_defaultlib.design_1_microblaze_0_1_MB_FDRE_...
Compiling module xil_defaultlib.design_1_microblaze_0_1_MB_FDRE_...
Compiling module xil_defaultlib.design_1_microblaze_0_1_MB_FDRE_...
Compiling module xil_defaultlib.design_1_microblaze_0_1_MB_FDRE_...
Compiling module xil_defaultlib.design_1_microblaze_0_1_MB_FDRE_...
Compiling module xil_defaultlib.design_1_microblaze_0_1_MB_FDRE_...
Compiling module xil_defaultlib.design_1_microblaze_0_1_MB_FDRE_...
Compiling module xil_defaultlib.design_1_microblaze_0_1_MB_FDRE_...
Compiling module xil_defaultlib.design_1_microblaze_0_1_MB_FDRE_...
Compiling module xil_defaultlib.design_1_microblaze_0_1_MB_FDRE_...
Compiling module xil_defaultlib.design_1_microblaze_0_1_MB_FDRE_...
Compiling module xil_defaultlib.design_1_microblaze_0_1_MB_FDRE_...
Compiling module xil_defaultlib.design_1_microblaze_0_1_MB_FDRE_...
Compiling module xil_defaultlib.design_1_microblaze_0_1_MB_FDRE_...
Compiling module xil_defaultlib.design_1_microblaze_0_1_MB_FDRE_...
Compiling module xil_defaultlib.design_1_microblaze_0_1_MB_FDRE_...
Compiling module xil_defaultlib.design_1_microblaze_0_1_MB_FDRE_...
Compiling module xil_defaultlib.design_1_microblaze_0_1_MB_FDRE_...
Compiling module xil_defaultlib.design_1_microblaze_0_1_Data_Flo...
Compiling module unisims_ver.MUXF7
Compiling module xil_defaultlib.design_1_microblaze_0_1_MB_MUXF7...
Compiling module xil_defaultlib.design_1_microblaze_0_1_MB_MUXF7...
Compiling module xil_defaultlib.design_1_microblaze_0_1_MB_MUXF7...
Compiling module xil_defaultlib.design_1_microblaze_0_1_MB_MUXF7...
Compiling module xil_defaultlib.design_1_microblaze_0_1_MB_MUXF7...
Compiling module xil_defaultlib.design_1_microblaze_0_1_MB_MUXF7...
Compiling module xil_defaultlib.design_1_microblaze_0_1_MB_MUXF7...
Compiling module xil_defaultlib.design_1_microblaze_0_1_MB_MUXF7...
Compiling module xil_defaultlib.design_1_microblaze_0_1_MB_MUXF7...
Compiling module xil_defaultlib.design_1_microblaze_0_1_MB_MUXF7...
Compiling module xil_defaultlib.design_1_microblaze_0_1_MB_MUXF7...
Compiling module xil_defaultlib.design_1_microblaze_0_1_MB_MUXF7...
Compiling module xil_defaultlib.design_1_microblaze_0_1_MB_MUXF7...
Compiling module xil_defaultlib.design_1_microblaze_0_1_MB_MUXF7...
Compiling module xil_defaultlib.design_1_microblaze_0_1_MB_MUXF7...
Compiling module xil_defaultlib.design_1_microblaze_0_1_MB_MUXF7...
Compiling module xil_defaultlib.design_1_microblaze_0_1_MB_MUXF7...
Compiling module xil_defaultlib.design_1_microblaze_0_1_MB_MUXF7...
Compiling module xil_defaultlib.design_1_microblaze_0_1_MB_MUXF7...
Compiling module xil_defaultlib.design_1_microblaze_0_1_MB_MUXF7...
Compiling module xil_defaultlib.design_1_microblaze_0_1_MB_MUXF7...
Compiling module xil_defaultlib.design_1_microblaze_0_1_MB_MUXF7...
Compiling module xil_defaultlib.design_1_microblaze_0_1_MB_MUXF7...
Compiling module xil_defaultlib.design_1_microblaze_0_1_MB_MUXF7...
Compiling module xil_defaultlib.design_1_microblaze_0_1_MB_MUXF7...
Compiling module xil_defaultlib.design_1_microblaze_0_1_MB_MUXF7...
Compiling module xil_defaultlib.design_1_microblaze_0_1_MB_MUXF7...
Compiling module xil_defaultlib.design_1_microblaze_0_1_MB_MUXF7...
Compiling module xil_defaultlib.design_1_microblaze_0_1_MB_MUXF7...
Compiling module xil_defaultlib.design_1_microblaze_0_1_MB_MUXF7...
Compiling module xil_defaultlib.design_1_microblaze_0_1_MB_MUXF7...
Compiling module xil_defaultlib.design_1_microblaze_0_1_MB_MUXF7...
Compiling module xil_defaultlib.design_1_microblaze_0_1_Operand_...
Compiling module unisims_ver.RAM32M
Compiling module xil_defaultlib.design_1_microblaze_0_1_MB_RAM32...
Compiling module xil_defaultlib.design_1_microblaze_0_1_MB_RAM32...
Compiling module xil_defaultlib.design_1_microblaze_0_1_MB_RAM32...
Compiling module xil_defaultlib.design_1_microblaze_0_1_MB_RAM32...
Compiling module xil_defaultlib.design_1_microblaze_0_1_MB_RAM32...
Compiling module xil_defaultlib.design_1_microblaze_0_1_MB_RAM32...
Compiling module xil_defaultlib.design_1_microblaze_0_1_MB_RAM32...
Compiling module xil_defaultlib.design_1_microblaze_0_1_MB_RAM32...
Compiling module xil_defaultlib.design_1_microblaze_0_1_MB_RAM32...
Compiling module xil_defaultlib.design_1_microblaze_0_1_MB_RAM32...
Compiling module xil_defaultlib.design_1_microblaze_0_1_MB_RAM32...
Compiling module xil_defaultlib.design_1_microblaze_0_1_MB_RAM32...
Compiling module xil_defaultlib.design_1_microblaze_0_1_MB_RAM32...
Compiling module xil_defaultlib.design_1_microblaze_0_1_MB_RAM32...
Compiling module xil_defaultlib.design_1_microblaze_0_1_MB_RAM32...
Compiling module xil_defaultlib.design_1_microblaze_0_1_MB_RAM32...
Compiling module xil_defaultlib.design_1_microblaze_0_1_Register...
Compiling module xil_defaultlib.design_1_microblaze_0_1_Shift_Lo...
Compiling module xil_defaultlib.design_1_microblaze_0_1_MB_MUXCY...
Compiling module xil_defaultlib.design_1_microblaze_0_1_MB_MUXCY...
Compiling module unisims_ver.LUT6_2(INIT=64'b0111111110000000...
Compiling module xil_defaultlib.design_1_microblaze_0_1_MB_LUT6_...
Compiling module xil_defaultlib.design_1_microblaze_0_1_MB_MUXCY...
Compiling module xil_defaultlib.design_1_microblaze_0_1_MB_MUXCY...
Compiling module xil_defaultlib.design_1_microblaze_0_1_MB_MUXCY...
Compiling module xil_defaultlib.design_1_microblaze_0_1_MB_MUXCY...
Compiling module xil_defaultlib.design_1_microblaze_0_1_MB_MUXCY...
Compiling module xil_defaultlib.design_1_microblaze_0_1_MB_MUXCY...
Compiling module xil_defaultlib.design_1_microblaze_0_1_MB_MUXCY...
Compiling module xil_defaultlib.design_1_microblaze_0_1_Zero_Det...
Compiling module xil_defaultlib.design_1_microblaze_0_1_MB_MUXCY...
Compiling module unisims_ver.LUT6_2(INIT=64'b1001011010010110...
Compiling module xil_defaultlib.design_1_microblaze_0_1_MB_LUT6_...
Compiling module xil_defaultlib.design_1_microblaze_0_1_MB_MUXCY...
Compiling module xil_defaultlib.design_1_microblaze_0_1_MB_FDE
Compiling module xil_defaultlib.design_1_microblaze_0_1_MB_LUT6_...
Compiling module xil_defaultlib.design_1_microblaze_0_1_MB_MUXCY...
Compiling module xil_defaultlib.design_1_microblaze_0_1_MB_FDE_3...
Compiling module xil_defaultlib.design_1_microblaze_0_1_MB_LUT6_...
Compiling module xil_defaultlib.design_1_microblaze_0_1_MB_MUXCY...
Compiling module xil_defaultlib.design_1_microblaze_0_1_MB_FDE_3...
Compiling module xil_defaultlib.design_1_microblaze_0_1_MB_LUT6_...
Compiling module xil_defaultlib.design_1_microblaze_0_1_MB_MUXCY...
Compiling module xil_defaultlib.design_1_microblaze_0_1_MB_FDE_3...
Compiling module xil_defaultlib.design_1_microblaze_0_1_MB_LUT6_...
Compiling module xil_defaultlib.design_1_microblaze_0_1_MB_MUXCY...
Compiling module xil_defaultlib.design_1_microblaze_0_1_MB_FDE_3...
Compiling module xil_defaultlib.design_1_microblaze_0_1_MB_LUT6_...
Compiling module xil_defaultlib.design_1_microblaze_0_1_MB_MUXCY...
Compiling module xil_defaultlib.design_1_microblaze_0_1_MB_FDE_3...
Compiling module xil_defaultlib.design_1_microblaze_0_1_MB_LUT6_...
Compiling module xil_defaultlib.design_1_microblaze_0_1_MB_MUXCY...
Compiling module xil_defaultlib.design_1_microblaze_0_1_MB_FDE_3...
Compiling module xil_defaultlib.design_1_microblaze_0_1_MB_LUT6_...
Compiling module xil_defaultlib.design_1_microblaze_0_1_MB_MUXCY...
Compiling module xil_defaultlib.design_1_microblaze_0_1_MB_FDE_3...
Compiling module xil_defaultlib.design_1_microblaze_0_1_MB_LUT6_...
Compiling module xil_defaultlib.design_1_microblaze_0_1_MB_MUXCY...
Compiling module xil_defaultlib.design_1_microblaze_0_1_MB_FDE_3...
Compiling module xil_defaultlib.design_1_microblaze_0_1_MB_LUT6_...
Compiling module xil_defaultlib.design_1_microblaze_0_1_MB_MUXCY...
Compiling module xil_defaultlib.design_1_microblaze_0_1_MB_FDE_3...
Compiling module xil_defaultlib.design_1_microblaze_0_1_MB_LUT6_...
Compiling module xil_defaultlib.design_1_microblaze_0_1_MB_MUXCY...
Compiling module xil_defaultlib.design_1_microblaze_0_1_MB_FDE_3...
Compiling module xil_defaultlib.design_1_microblaze_0_1_MB_LUT6_...
Compiling module xil_defaultlib.design_1_microblaze_0_1_MB_MUXCY...
Compiling module xil_defaultlib.design_1_microblaze_0_1_MB_FDE_3...
Compiling module xil_defaultlib.design_1_microblaze_0_1_MB_LUT6_...
Compiling module xil_defaultlib.design_1_microblaze_0_1_MB_MUXCY...
Compiling module xil_defaultlib.design_1_microblaze_0_1_MB_FDE_3...
Compiling module xil_defaultlib.design_1_microblaze_0_1_MB_LUT6_...
Compiling module xil_defaultlib.design_1_microblaze_0_1_MB_MUXCY...
Compiling module xil_defaultlib.design_1_microblaze_0_1_MB_FDE_3...
Compiling module xil_defaultlib.design_1_microblaze_0_1_MB_LUT6_...
Compiling module xil_defaultlib.design_1_microblaze_0_1_MB_MUXCY...
Compiling module xil_defaultlib.design_1_microblaze_0_1_MB_FDE_3...
Compiling module xil_defaultlib.design_1_microblaze_0_1_MB_LUT6_...
Compiling module xil_defaultlib.design_1_microblaze_0_1_MB_MUXCY...
Compiling module xil_defaultlib.design_1_microblaze_0_1_MB_FDE_3...
Compiling module xil_defaultlib.design_1_microblaze_0_1_MB_LUT6_...
Compiling module xil_defaultlib.design_1_microblaze_0_1_MB_MUXCY...
Compiling module xil_defaultlib.design_1_microblaze_0_1_MB_FDE_3...
Compiling module xil_defaultlib.design_1_microblaze_0_1_MB_LUT6_...
Compiling module xil_defaultlib.design_1_microblaze_0_1_MB_MUXCY...
Compiling module xil_defaultlib.design_1_microblaze_0_1_MB_FDE_3...
Compiling module xil_defaultlib.design_1_microblaze_0_1_MB_LUT6_...
Compiling module xil_defaultlib.design_1_microblaze_0_1_MB_MUXCY...
Compiling module xil_defaultlib.design_1_microblaze_0_1_MB_FDE_3...
Compiling module xil_defaultlib.design_1_microblaze_0_1_MB_LUT6_...
Compiling module xil_defaultlib.design_1_microblaze_0_1_MB_MUXCY...
Compiling module xil_defaultlib.design_1_microblaze_0_1_MB_FDE_3...
Compiling module xil_defaultlib.design_1_microblaze_0_1_MB_LUT6_...
Compiling module xil_defaultlib.design_1_microblaze_0_1_MB_MUXCY...
Compiling module xil_defaultlib.design_1_microblaze_0_1_MB_FDE_3...
Compiling module xil_defaultlib.design_1_microblaze_0_1_MB_LUT6_...
Compiling module xil_defaultlib.design_1_microblaze_0_1_MB_MUXCY...
Compiling module xil_defaultlib.design_1_microblaze_0_1_MB_FDE_3...
Compiling module xil_defaultlib.design_1_microblaze_0_1_MB_LUT6_...
Compiling module xil_defaultlib.design_1_microblaze_0_1_MB_MUXCY...
Compiling module xil_defaultlib.design_1_microblaze_0_1_MB_FDE_3...
Compiling module xil_defaultlib.design_1_microblaze_0_1_MB_LUT6_...
Compiling module xil_defaultlib.design_1_microblaze_0_1_MB_MUXCY...
Compiling module xil_defaultlib.design_1_microblaze_0_1_MB_FDE_3...
Compiling module xil_defaultlib.design_1_microblaze_0_1_MB_LUT6_...
Compiling module xil_defaultlib.design_1_microblaze_0_1_MB_MUXCY...
Compiling module xil_defaultlib.design_1_microblaze_0_1_MB_FDE_3...
Compiling module xil_defaultlib.design_1_microblaze_0_1_MB_LUT6_...
Compiling module xil_defaultlib.design_1_microblaze_0_1_MB_MUXCY...
Compiling module xil_defaultlib.design_1_microblaze_0_1_MB_FDE_3...
Compiling module xil_defaultlib.design_1_microblaze_0_1_MB_LUT6_...
Compiling module xil_defaultlib.design_1_microblaze_0_1_MB_MUXCY...
Compiling module xil_defaultlib.design_1_microblaze_0_1_MB_FDE_3...
Compiling module xil_defaultlib.design_1_microblaze_0_1_MB_LUT6_...
Compiling module xil_defaultlib.design_1_microblaze_0_1_MB_MUXCY...
Compiling module xil_defaultlib.design_1_microblaze_0_1_MB_FDE_3...
Compiling module xil_defaultlib.design_1_microblaze_0_1_MB_LUT6_...
Compiling module xil_defaultlib.design_1_microblaze_0_1_MB_MUXCY...
Compiling module xil_defaultlib.design_1_microblaze_0_1_MB_FDE_3...
Compiling module xil_defaultlib.design_1_microblaze_0_1_MB_LUT6_...
Compiling module xil_defaultlib.design_1_microblaze_0_1_MB_MUXCY...
Compiling module xil_defaultlib.design_1_microblaze_0_1_MB_FDE_3...
Compiling module xil_defaultlib.design_1_microblaze_0_1_MB_LUT6_...
Compiling module xil_defaultlib.design_1_microblaze_0_1_MB_MUXCY...
Compiling module xil_defaultlib.design_1_microblaze_0_1_MB_FDE_4...
Compiling module xil_defaultlib.design_1_microblaze_0_1_MB_LUT6_...
Compiling module xil_defaultlib.design_1_microblaze_0_1_MB_MUXCY...
Compiling module xil_defaultlib.design_1_microblaze_0_1_MB_FDE_4...
Compiling module xil_defaultlib.design_1_microblaze_0_1_exceptio...
Compiling module xil_defaultlib.design_1_microblaze_0_1_MB_FDR_3...
Compiling module xil_defaultlib.design_1_microblaze_0_1_MB_FDR_3...
Compiling module xil_defaultlib.design_1_microblaze_0_1_MB_FDR_3...
Compiling module xil_defaultlib.design_1_microblaze_0_1_MB_FDR_3...
Compiling module xil_defaultlib.design_1_microblaze_0_1_MB_FDR_3...
Compiling module xil_defaultlib.design_1_microblaze_0_1_MB_FDR_3...
Compiling module xil_defaultlib.design_1_microblaze_0_1_msr_reg_...
Compiling module xil_defaultlib.design_1_microblaze_0_1_Data_Flo...
Compiling module unisims_ver.FDSE_default
Compiling module xil_defaultlib.design_1_microblaze_0_1_MB_FDR_2...
Compiling module xil_defaultlib.design_1_microblaze_0_1_MB_MUXF7...
Compiling module xil_defaultlib.design_1_microblaze_0_1_MB_FDR_2...
Compiling module xil_defaultlib.design_1_microblaze_0_1_MB_MUXF7...
Compiling module xil_defaultlib.design_1_microblaze_0_1_MB_FDR_2...
Compiling module xil_defaultlib.design_1_microblaze_0_1_MB_MUXF7...
Compiling module xil_defaultlib.design_1_microblaze_0_1_MB_FDR_2...
Compiling module xil_defaultlib.design_1_microblaze_0_1_MB_MUXF7...
Compiling module xil_defaultlib.design_1_microblaze_0_1_MB_FDR_2...
Compiling module xil_defaultlib.design_1_microblaze_0_1_MB_MUXF7...
Compiling module xil_defaultlib.design_1_microblaze_0_1_MB_FDR_2...
Compiling module xil_defaultlib.design_1_microblaze_0_1_MB_MUXF7...
Compiling module xil_defaultlib.design_1_microblaze_0_1_MB_FDR_2...
Compiling module xil_defaultlib.design_1_microblaze_0_1_MB_MUXF7...
Compiling module xil_defaultlib.design_1_microblaze_0_1_MB_FDR_2...
Compiling module xil_defaultlib.design_1_microblaze_0_1_MB_MUXF7...
Compiling module xil_defaultlib.design_1_microblaze_0_1_MB_FDR_2...
Compiling module xil_defaultlib.design_1_microblaze_0_1_MB_MUXF7...
Compiling module xil_defaultlib.design_1_microblaze_0_1_MB_FDR_2...
Compiling module xil_defaultlib.design_1_microblaze_0_1_MB_MUXF7...
Compiling module xil_defaultlib.design_1_microblaze_0_1_MB_FDR_2...
Compiling module xil_defaultlib.design_1_microblaze_0_1_MB_MUXF7...
Compiling module xil_defaultlib.design_1_microblaze_0_1_MB_FDR_2...
Compiling module xil_defaultlib.design_1_microblaze_0_1_MB_MUXF7...
Compiling module xil_defaultlib.design_1_microblaze_0_1_MB_FDR_2...
Compiling module xil_defaultlib.design_1_microblaze_0_1_MB_MUXF7...
Compiling module xil_defaultlib.design_1_microblaze_0_1_MB_FDR_2...
Compiling module xil_defaultlib.design_1_microblaze_0_1_MB_MUXF7...
Compiling module xil_defaultlib.design_1_microblaze_0_1_MB_FDR_2...
Compiling module xil_defaultlib.design_1_microblaze_0_1_MB_MUXF7...
Compiling module xil_defaultlib.design_1_microblaze_0_1_MB_FDR_2...
Compiling module xil_defaultlib.design_1_microblaze_0_1_MB_MUXF7...
Compiling module xil_defaultlib.design_1_microblaze_0_1_MB_FDR_2...
Compiling module xil_defaultlib.design_1_microblaze_0_1_MB_MUXF7...
Compiling module xil_defaultlib.design_1_microblaze_0_1_MB_FDR_2...
Compiling module xil_defaultlib.design_1_microblaze_0_1_MB_MUXF7...
Compiling module xil_defaultlib.design_1_microblaze_0_1_MB_FDR_2...
Compiling module xil_defaultlib.design_1_microblaze_0_1_MB_MUXF7...
Compiling module xil_defaultlib.design_1_microblaze_0_1_MB_FDR_2...
Compiling module xil_defaultlib.design_1_microblaze_0_1_MB_MUXF7...
Compiling module xil_defaultlib.design_1_microblaze_0_1_MB_FDR_2...
Compiling module xil_defaultlib.design_1_microblaze_0_1_MB_MUXF7...
Compiling module xil_defaultlib.design_1_microblaze_0_1_MB_FDR_2...
Compiling module xil_defaultlib.design_1_microblaze_0_1_MB_MUXF7...
Compiling module xil_defaultlib.design_1_microblaze_0_1_MB_FDR_2...
Compiling module xil_defaultlib.design_1_microblaze_0_1_MB_MUXF7...
Compiling module xil_defaultlib.design_1_microblaze_0_1_MB_FDR_2...
Compiling module xil_defaultlib.design_1_microblaze_0_1_MB_MUXF7...
Compiling module xil_defaultlib.design_1_microblaze_0_1_MB_FDR_2...
Compiling module xil_defaultlib.design_1_microblaze_0_1_MB_MUXF7...
Compiling module xil_defaultlib.design_1_microblaze_0_1_MB_FDR_2...
Compiling module xil_defaultlib.design_1_microblaze_0_1_MB_MUXF7...
Compiling module xil_defaultlib.design_1_microblaze_0_1_MB_FDR_2...
Compiling module xil_defaultlib.design_1_microblaze_0_1_MB_MUXF7...
Compiling module xil_defaultlib.design_1_microblaze_0_1_MB_FDR_2...
Compiling module xil_defaultlib.design_1_microblaze_0_1_MB_MUXF7...
Compiling module xil_defaultlib.design_1_microblaze_0_1_MB_FDR_2...
Compiling module xil_defaultlib.design_1_microblaze_0_1_MB_MUXF7...
Compiling module xil_defaultlib.design_1_microblaze_0_1_MB_FDR_2...
Compiling module xil_defaultlib.design_1_microblaze_0_1_MB_MUXF7...
Compiling module xil_defaultlib.design_1_microblaze_0_1_MB_FDR_2...
Compiling module xil_defaultlib.design_1_microblaze_0_1_MB_MUXF7...
Compiling module xil_defaultlib.design_1_microblaze_0_1_MB_FDR_2...
Compiling module xil_defaultlib.design_1_microblaze_0_1_MB_MUXF7...
Compiling module xil_defaultlib.design_1_microblaze_0_1_MB_MUXCY...
Compiling module xil_defaultlib.design_1_microblaze_0_1_MB_MUXCY...
Compiling module xil_defaultlib.design_1_microblaze_0_1_MB_MUXCY...
Compiling module xil_defaultlib.design_1_microblaze_0_1_MB_MUXCY...
Compiling module xil_defaultlib.design_1_microblaze_0_1_MB_MUXCY...
Compiling module xil_defaultlib.design_1_microblaze_0_1_MB_MUXCY...
Compiling module xil_defaultlib.design_1_microblaze_0_1_MB_MUXCY...
Compiling module xil_defaultlib.design_1_microblaze_0_1_MB_MUXCY...
Compiling module xil_defaultlib.design_1_microblaze_0_1_MB_MUXCY...
Compiling module xil_defaultlib.design_1_microblaze_0_1_MB_MUXCY...
Compiling module xil_defaultlib.design_1_microblaze_0_1_MB_MUXCY...
Compiling module xil_defaultlib.design_1_microblaze_0_1_MB_MUXCY...
Compiling module xil_defaultlib.design_1_microblaze_0_1_MB_MUXCY...
Compiling module xil_defaultlib.design_1_microblaze_0_1_MB_MUXCY...
Compiling module xil_defaultlib.design_1_microblaze_0_1_MB_MUXCY...
Compiling module xil_defaultlib.design_1_microblaze_0_1_MB_MUXCY...
Compiling module xil_defaultlib.design_1_microblaze_0_1_MB_MUXCY...
Compiling module xil_defaultlib.design_1_microblaze_0_1_MB_MUXCY...
Compiling module xil_defaultlib.design_1_microblaze_0_1_MB_MUXCY...
Compiling module xil_defaultlib.design_1_microblaze_0_1_MB_MUXCY...
Compiling module xil_defaultlib.design_1_microblaze_0_1_MB_MUXCY...
Compiling module xil_defaultlib.design_1_microblaze_0_1_MB_MUXCY...
Compiling module xil_defaultlib.design_1_microblaze_0_1_MB_MUXCY...
Compiling module xil_defaultlib.design_1_microblaze_0_1_MB_MUXCY...
Compiling module xil_defaultlib.design_1_microblaze_0_1_MB_MUXCY...
Compiling module xil_defaultlib.design_1_microblaze_0_1_MB_MUXCY...
Compiling module xil_defaultlib.design_1_microblaze_0_1_MB_MUXCY...
Compiling module xil_defaultlib.design_1_microblaze_0_1_MB_MUXCY...
Compiling module xil_defaultlib.design_1_microblaze_0_1_MB_MUXCY...
Compiling module xil_defaultlib.design_1_microblaze_0_1_MB_MUXCY...
Compiling module xil_defaultlib.design_1_microblaze_0_1_PC_Modul...
Compiling module xil_defaultlib.design_1_microblaze_0_1_MB_FDR_1...
Compiling module xil_defaultlib.design_1_microblaze_0_1_MB_LUT6
Compiling module xil_defaultlib.design_1_microblaze_0_1_MB_FDR_1...
Compiling module xil_defaultlib.design_1_microblaze_0_1_MB_LUT6_...
Compiling module xil_defaultlib.design_1_microblaze_0_1_MB_FDR_1...
Compiling module xil_defaultlib.design_1_microblaze_0_1_MB_LUT6_...
Compiling module xil_defaultlib.design_1_microblaze_0_1_MB_FDR_1...
Compiling module xil_defaultlib.design_1_microblaze_0_1_MB_LUT6_...
Compiling module xil_defaultlib.design_1_microblaze_0_1_MB_LUT6_...
Compiling module xil_defaultlib.design_1_microblaze_0_1_MB_MUXF7
Compiling module xil_defaultlib.design_1_microblaze_0_1_MB_FDR_1...
Compiling module xil_defaultlib.design_1_microblaze_0_1_MB_MUXF7...
Compiling module xil_defaultlib.design_1_microblaze_0_1_MB_FDR_1...
Compiling module xil_defaultlib.design_1_microblaze_0_1_MB_MUXF7...
Compiling module xil_defaultlib.design_1_microblaze_0_1_MB_FDR_1...
Compiling module xil_defaultlib.design_1_microblaze_0_1_MB_MUXF7...
Compiling module xil_defaultlib.design_1_microblaze_0_1_MB_FDR_1...
Compiling module xil_defaultlib.design_1_microblaze_0_1_MB_MUXF7...
Compiling module xil_defaultlib.design_1_microblaze_0_1_MB_FDR_1...
Compiling module xil_defaultlib.design_1_microblaze_0_1_MB_MUXF7...
Compiling module xil_defaultlib.design_1_microblaze_0_1_MB_FDR_1...
Compiling module xil_defaultlib.design_1_microblaze_0_1_MB_MUXF7...
Compiling module xil_defaultlib.design_1_microblaze_0_1_MB_FDR_1...
Compiling module xil_defaultlib.design_1_microblaze_0_1_MB_MUXF7...
Compiling module xil_defaultlib.design_1_microblaze_0_1_MB_FDR_1...
Compiling module xil_defaultlib.design_1_microblaze_0_1_MB_MUXF7...
Compiling module xil_defaultlib.design_1_microblaze_0_1_MB_FDR_1...
Compiling module xil_defaultlib.design_1_microblaze_0_1_MB_MUXF7...
Compiling module xil_defaultlib.design_1_microblaze_0_1_MB_FDR_1...
Compiling module xil_defaultlib.design_1_microblaze_0_1_MB_MUXF7...
Compiling module xil_defaultlib.design_1_microblaze_0_1_MB_FDR_1...
Compiling module xil_defaultlib.design_1_microblaze_0_1_MB_MUXF7...
Compiling module xil_defaultlib.design_1_microblaze_0_1_MB_FDR_1...
Compiling module xil_defaultlib.design_1_microblaze_0_1_MB_MUXF7...
Compiling module xil_defaultlib.design_1_microblaze_0_1_MB_FDR_1...
Compiling module xil_defaultlib.design_1_microblaze_0_1_MB_MUXF7...
Compiling module xil_defaultlib.design_1_microblaze_0_1_MB_FDR_1...
Compiling module xil_defaultlib.design_1_microblaze_0_1_MB_MUXF7...
Compiling module xil_defaultlib.design_1_microblaze_0_1_MB_FDR_1...
Compiling module xil_defaultlib.design_1_microblaze_0_1_MB_MUXF7...
Compiling module xil_defaultlib.design_1_microblaze_0_1_MB_FDR_1...
Compiling module xil_defaultlib.design_1_microblaze_0_1_MB_MUXF7...
Compiling module xil_defaultlib.design_1_microblaze_0_1_MB_FDR_1...
Compiling module xil_defaultlib.design_1_microblaze_0_1_MB_MUXF7...
Compiling module xil_defaultlib.design_1_microblaze_0_1_MB_FDR_1...
Compiling module xil_defaultlib.design_1_microblaze_0_1_MB_MUXF7...
Compiling module xil_defaultlib.design_1_microblaze_0_1_MB_FDR_1...
Compiling module xil_defaultlib.design_1_microblaze_0_1_MB_MUXF7...
Compiling module xil_defaultlib.design_1_microblaze_0_1_MB_FDR_1...
Compiling module xil_defaultlib.design_1_microblaze_0_1_MB_MUXF7...
Compiling module xil_defaultlib.design_1_microblaze_0_1_MB_FDR_1...
Compiling module xil_defaultlib.design_1_microblaze_0_1_MB_MUXF7...
Compiling module xil_defaultlib.design_1_microblaze_0_1_MB_FDR_1...
Compiling module xil_defaultlib.design_1_microblaze_0_1_MB_MUXF7...
Compiling module xil_defaultlib.design_1_microblaze_0_1_MB_FDR_1...
Compiling module xil_defaultlib.design_1_microblaze_0_1_MB_MUXF7...
Compiling module xil_defaultlib.design_1_microblaze_0_1_MB_FDR_1...
Compiling module xil_defaultlib.design_1_microblaze_0_1_MB_MUXF7...
Compiling module xil_defaultlib.design_1_microblaze_0_1_MB_FDR_1...
Compiling module xil_defaultlib.design_1_microblaze_0_1_MB_MUXF7...
Compiling module xil_defaultlib.design_1_microblaze_0_1_MB_FDR_1...
Compiling module xil_defaultlib.design_1_microblaze_0_1_MB_MUXF7...
Compiling module xil_defaultlib.design_1_microblaze_0_1_MB_FDR_1...
Compiling module xil_defaultlib.design_1_microblaze_0_1_MB_MUXF7...
Compiling module xil_defaultlib.design_1_microblaze_0_1_MB_FDR_1...
Compiling module xil_defaultlib.design_1_microblaze_0_1_MB_MUXF7...
Compiling module xil_defaultlib.design_1_microblaze_0_1_MB_FDR_1...
Compiling module xil_defaultlib.design_1_microblaze_0_1_MB_MUXF7...
Compiling module xil_defaultlib.design_1_microblaze_0_1_MB_FDR_1...
Compiling module xil_defaultlib.design_1_microblaze_0_1_MB_MUXF7...
Compiling module xil_defaultlib.design_1_microblaze_0_1_MB_FDR_1...
Compiling module xil_defaultlib.design_1_microblaze_0_1_MB_MUXF7...
Compiling module xil_defaultlib.design_1_microblaze_0_1_MB_FDR_1...
Compiling module xil_defaultlib.design_1_microblaze_0_1_MB_MUXF7...
Compiling module xil_defaultlib.design_1_microblaze_0_1_MB_FDR_1...
Compiling module xil_defaultlib.design_1_microblaze_0_1_MB_MUXF7...
Compiling module xil_defaultlib.design_1_microblaze_0_1_MB_FDR_1...
Compiling module xil_defaultlib.design_1_microblaze_0_1_MB_MUXF7...
Compiling module xil_defaultlib.design_1_microblaze_0_1_MB_FDR_1...
Compiling module xil_defaultlib.design_1_microblaze_0_1_MB_MUXF7...
Compiling module xil_defaultlib.design_1_microblaze_0_1_MB_FDR_1...
Compiling module xil_defaultlib.design_1_microblaze_0_1_MB_MUXF7...
Compiling module xil_defaultlib.design_1_microblaze_0_1_MB_FDR_1...
Compiling module xil_defaultlib.design_1_microblaze_0_1_MB_MUXF7...
Compiling module xil_defaultlib.design_1_microblaze_0_1_MB_FDR_1...
Compiling module xil_defaultlib.design_1_microblaze_0_1_MB_MUXF7...
Compiling module xil_defaultlib.design_1_microblaze_0_1_MB_FDR_1...
Compiling module xil_defaultlib.design_1_microblaze_0_1_MB_MUXF7...
Compiling module xil_defaultlib.design_1_microblaze_0_1_MB_FDR_1...
Compiling module xil_defaultlib.design_1_microblaze_0_1_MB_MUXF7...
Compiling module xil_defaultlib.design_1_microblaze_0_1_MB_FDR_2...
Compiling module xil_defaultlib.design_1_microblaze_0_1_MB_MUXF7...
Compiling module xil_defaultlib.design_1_microblaze_0_1_MB_FDR_2...
Compiling module xil_defaultlib.design_1_microblaze_0_1_MB_MUXF7...
Compiling module xil_defaultlib.design_1_microblaze_0_1_MB_FDR_2...
Compiling module xil_defaultlib.design_1_microblaze_0_1_MB_MUXF7...
Compiling module xil_defaultlib.design_1_microblaze_0_1_MB_FDS
Compiling module xil_defaultlib.design_1_microblaze_0_1_MB_LUT6_...
Compiling module xil_defaultlib.design_1_microblaze_0_1_MB_LUT6_...
Compiling module xil_defaultlib.design_1_microblaze_0_1_MB_FDR_2...
Compiling module xil_defaultlib.design_1_microblaze_0_1_PreFetch...
Compiling module xil_defaultlib.design_1_microblaze_0_1_MB_MUXCY...
Compiling module xil_defaultlib.design_1_microblaze_0_1_carry_an...
Compiling module xil_defaultlib.design_1_microblaze_0_1_MB_MUXCY...
Compiling module xil_defaultlib.design_1_microblaze_0_1_carry_an...
Compiling module xil_defaultlib.design_1_microblaze_0_1_MB_MUXCY...
Compiling module xil_defaultlib.design_1_microblaze_0_1_carry_an...
Compiling module xil_defaultlib.design_1_microblaze_0_1_MB_MUXCY...
Compiling module xil_defaultlib.design_1_microblaze_0_1_carry_an...
Compiling module xil_defaultlib.design_1_microblaze_0_1_MB_MUXCY...
Compiling module xil_defaultlib.design_1_microblaze_0_1_carry_an...
Compiling module xil_defaultlib.design_1_microblaze_0_1_MB_MUXCY...
Compiling module xil_defaultlib.design_1_microblaze_0_1_carry_an...
Compiling module xil_defaultlib.design_1_microblaze_0_1_MB_MUXCY...
Compiling module xil_defaultlib.design_1_microblaze_0_1_carry_an...
Compiling module xil_defaultlib.design_1_microblaze_0_1_MB_MUXCY...
Compiling module xil_defaultlib.design_1_microblaze_0_1_carry_an...
Compiling module xil_defaultlib.design_1_microblaze_0_1_MB_MUXCY...
Compiling module xil_defaultlib.design_1_microblaze_0_1_carry_an...
Compiling module xil_defaultlib.design_1_microblaze_0_1_MB_MUXCY...
Compiling module xil_defaultlib.design_1_microblaze_0_1_carry_an...
Compiling module xil_defaultlib.design_1_microblaze_0_1_MB_MUXCY...
Compiling module xil_defaultlib.design_1_microblaze_0_1_carry_an...
Compiling module xil_defaultlib.design_1_microblaze_0_1_MB_FDRE
Compiling module xil_defaultlib.design_1_microblaze_0_1_MB_FDRE_...
Compiling module xil_defaultlib.design_1_microblaze_0_1_MB_FDRE_...
Compiling module xil_defaultlib.design_1_microblaze_0_1_MB_FDRE_...
Compiling module xil_defaultlib.design_1_microblaze_0_1_MB_FDRE_...
Compiling module xil_defaultlib.design_1_microblaze_0_1_MB_FDRE_...
Compiling module xil_defaultlib.design_1_microblaze_0_1_MB_FDRE_...
Compiling module xil_defaultlib.design_1_microblaze_0_1_MB_FDRE_...
Compiling module xil_defaultlib.design_1_microblaze_0_1_MB_FDRE_...
Compiling module xil_defaultlib.design_1_microblaze_0_1_MB_FDRE_...
Compiling module xil_defaultlib.design_1_microblaze_0_1_MB_FDR
Compiling module xil_defaultlib.design_1_microblaze_0_1_MB_LUT6_...
Compiling module xil_defaultlib.design_1_microblaze_0_1_MB_LUT6_...
Compiling module xil_defaultlib.design_1_microblaze_0_1_MB_LUT6_...
Compiling module xil_defaultlib.design_1_microblaze_0_1_MB_LUT6_...
Compiling module xil_defaultlib.design_1_microblaze_0_1_MB_LUT6_...
Compiling module xil_defaultlib.design_1_microblaze_0_1_MB_LUT6_...
Compiling module xil_defaultlib.design_1_microblaze_0_1_MB_LUT6_...
Compiling module xil_defaultlib.design_1_microblaze_0_1_MB_LUT6_...
Compiling module xil_defaultlib.design_1_microblaze_0_1_MB_LUT6_...
Compiling module xil_defaultlib.design_1_microblaze_0_1_MB_LUT6_...
Compiling module xil_defaultlib.design_1_microblaze_0_1_MB_LUT6_...
Compiling module xil_defaultlib.design_1_microblaze_0_1_MB_LUT6_...
Compiling module xil_defaultlib.design_1_microblaze_0_1_MB_MUXCY...
Compiling module xil_defaultlib.design_1_microblaze_0_1_carry_an...
Compiling module xil_defaultlib.design_1_microblaze_0_1_MB_MUXCY...
Compiling module xil_defaultlib.design_1_microblaze_0_1_carry_an...
Compiling module xil_defaultlib.design_1_microblaze_0_1_MB_MUXCY...
Compiling module xil_defaultlib.design_1_microblaze_0_1_carry_an...
Compiling module xil_defaultlib.design_1_microblaze_0_1_MB_MUXCY...
Compiling module xil_defaultlib.design_1_microblaze_0_1_MB_MUXCY...
Compiling module xil_defaultlib.design_1_microblaze_0_1_MB_MUXCY...
Compiling module xil_defaultlib.design_1_microblaze_0_1_MB_MUXCY...
Compiling module xil_defaultlib.design_1_microblaze_0_1_MB_MUXCY...
Compiling module xil_defaultlib.design_1_microblaze_0_1_MB_MUXCY...
Compiling module xil_defaultlib.design_1_microblaze_0_1_jump_log...
Compiling module xil_defaultlib.design_1_microblaze_0_1_MB_MUXCY...
Compiling module xil_defaultlib.design_1_microblaze_0_1_carry_an...
Compiling module xil_defaultlib.design_1_microblaze_0_1_MB_MUXCY...
Compiling module xil_defaultlib.design_1_microblaze_0_1_carry_or...
Compiling module xil_defaultlib.design_1_microblaze_0_1_Decode_g...
Compiling module xil_defaultlib.design_1_microblaze_0_1_DAXI_int...
Compiling module unisims_ver.AND2B1L
Compiling module xil_defaultlib.design_1_microblaze_0_1_MB_AND2B...
Compiling module xil_defaultlib.design_1_microblaze_0_1_MB_SRL16...
Compiling module xil_defaultlib.design_1_microblaze_0_1_MB_SRL16...
Compiling module xil_defaultlib.design_1_microblaze_0_1_MB_SRL16...
Compiling module xil_defaultlib.design_1_microblaze_0_1_MB_SRL16...
Compiling module xil_defaultlib.design_1_microblaze_0_1_MB_SRL16...
Compiling module xil_defaultlib.design_1_microblaze_0_1_MB_SRL16...
Compiling module xil_defaultlib.design_1_microblaze_0_1_MB_SRL16...
Compiling module xil_defaultlib.design_1_microblaze_0_1_MB_SRL16...
Compiling module xil_defaultlib.design_1_microblaze_0_1_MB_SRL16...
Compiling module xil_defaultlib.design_1_microblaze_0_1_MB_SRL16...
Compiling module xil_defaultlib.design_1_microblaze_0_1_MB_SRL16...
Compiling module xil_defaultlib.design_1_microblaze_0_1_MB_SRL16...
Compiling module xil_defaultlib.design_1_microblaze_0_1_MB_SRL16...
Compiling module xil_defaultlib.design_1_microblaze_0_1_MB_SRL16...
Compiling module xil_defaultlib.design_1_microblaze_0_1_mb_sync_...
Compiling module xil_defaultlib.design_1_microblaze_0_1_mb_sync_...
Compiling module xil_defaultlib.design_1_microblaze_0_1_mb_sync_...
Compiling module xil_defaultlib.design_1_microblaze_0_1_mb_sync_...
Compiling module xil_defaultlib.design_1_microblaze_0_1_mb_sync_...
Compiling module xil_defaultlib.design_1_microblaze_0_1_mb_sync_...
Compiling module xil_defaultlib.design_1_microblaze_0_1_mb_sync_...
Compiling module xil_defaultlib.design_1_microblaze_0_1_mb_sync_...
Compiling module xil_defaultlib.design_1_microblaze_0_1_mb_sync_...
Compiling module xil_defaultlib.design_1_microblaze_0_1_mb_sync_...
Compiling module xil_defaultlib.design_1_microblaze_0_1_mb_sync_...
Compiling module xil_defaultlib.design_1_microblaze_0_1_mb_sync_...
Compiling module xil_defaultlib.design_1_microblaze_0_1_mb_sync_...
Compiling module xil_defaultlib.design_1_microblaze_0_1_mb_sync_...
Compiling module xil_defaultlib.design_1_microblaze_0_1_mb_sync_...
Compiling module xil_defaultlib.design_1_microblaze_0_1_mb_sync_...
Compiling module xil_defaultlib.design_1_microblaze_0_1_mb_sync_...
Compiling module xil_defaultlib.design_1_microblaze_0_1_mb_sync_...
Compiling module xil_defaultlib.design_1_microblaze_0_1_mb_sync_...
Compiling module xil_defaultlib.design_1_microblaze_0_1_MB_MUXCY...
Compiling module unisims_ver.SRLC16E_default
Compiling module xil_defaultlib.design_1_microblaze_0_1_MB_SRLC1...
Compiling module xil_defaultlib.design_1_microblaze_0_1_MB_MUXCY...
Compiling module xil_defaultlib.design_1_microblaze_0_1_MB_SRLC1...
Compiling module xil_defaultlib.design_1_microblaze_0_1_MB_MUXCY...
Compiling module xil_defaultlib.design_1_microblaze_0_1_MB_SRLC1...
Compiling module xil_defaultlib.design_1_microblaze_0_1_MB_MUXCY...
Compiling module xil_defaultlib.design_1_microblaze_0_1_MB_SRLC1...
Compiling module xil_defaultlib.design_1_microblaze_0_1_MB_MUXCY...
Compiling module xil_defaultlib.design_1_microblaze_0_1_MB_SRLC1...
Compiling module xil_defaultlib.design_1_microblaze_0_1_MB_MUXCY...
Compiling module xil_defaultlib.design_1_microblaze_0_1_MB_SRLC1...
Compiling module xil_defaultlib.design_1_microblaze_0_1_MB_MUXCY...
Compiling module xil_defaultlib.design_1_microblaze_0_1_MB_SRLC1...
Compiling module xil_defaultlib.design_1_microblaze_0_1_MB_MUXCY...
Compiling module xil_defaultlib.design_1_microblaze_0_1_MB_SRLC1...
Compiling module xil_defaultlib.design_1_microblaze_0_1_MB_MUXCY...
Compiling module xil_defaultlib.design_1_microblaze_0_1_address_...
Compiling module xil_defaultlib.design_1_microblaze_0_1_mb_sync_...
Compiling module xil_defaultlib.design_1_microblaze_0_1_mb_sync_...
Compiling module xil_defaultlib.design_1_microblaze_0_1_Debug
Compiling module unisims_ver.LUT6_2(INIT=64'b1111111100000000...
Compiling module xil_defaultlib.design_1_microblaze_0_1_MB_LUT6_...
Compiling module xil_defaultlib.design_1_microblaze_0_1_MB_LUT6_...
Compiling module xil_defaultlib.design_1_microblaze_0_1_MB_LUT6_...
Compiling module xil_defaultlib.design_1_microblaze_0_1_MB_LUT6_...
Compiling module xil_defaultlib.design_1_microblaze_0_1_MB_LUT6_...
Compiling module xil_defaultlib.design_1_microblaze_0_1_MB_LUT6_...
Compiling module xil_defaultlib.design_1_microblaze_0_1_MB_LUT6_...
Compiling module xil_defaultlib.design_1_microblaze_0_1_MB_LUT6_...
Compiling module xil_defaultlib.design_1_microblaze_0_1_MB_LUT6_...
Compiling module xil_defaultlib.design_1_microblaze_0_1_MB_LUT6_...
Compiling module xil_defaultlib.design_1_microblaze_0_1_MB_LUT6_...
Compiling module xil_defaultlib.design_1_microblaze_0_1_MB_LUT6_...
Compiling module xil_defaultlib.design_1_microblaze_0_1_MB_LUT6_...
Compiling module xil_defaultlib.design_1_microblaze_0_1_MB_LUT6_...
Compiling module xil_defaultlib.design_1_microblaze_0_1_MB_LUT6_...
Compiling module xil_defaultlib.design_1_microblaze_0_1_MB_LUT6_...
Compiling module xil_defaultlib.design_1_microblaze_0_1_mux_bus
Compiling module xil_defaultlib.design_1_microblaze_0_1_instr_mu...
Compiling module xil_defaultlib.design_1_microblaze_0_1_MB_MUXCY
Compiling module xil_defaultlib.design_1_microblaze_0_1_carry_or
Compiling module xil_defaultlib.design_1_microblaze_0_1_MicroBla...
Compiling module xil_defaultlib.design_1_microblaze_0_1_mb_sync_...
Compiling module unisims_ver.FDRE(INIT=1'b1)
Compiling module xil_defaultlib.design_1_microblaze_0_1_mb_sync_...
Compiling module xil_defaultlib.design_1_microblaze_0_1_mb_sync_...
Compiling module xil_defaultlib.design_1_microblaze_0_1_MicroBla...
Compiling module xil_defaultlib.design_1_microblaze_0_1_MicroBla...
Compiling module xil_defaultlib.design_1_microblaze_0_1
Compiling module xil_defaultlib.s00_couplers_imp_1RZP34U
Compiling module xil_defaultlib.design_1_microblaze_0_axi_periph...
Compiling module xil_defaultlib.design_1_dlmb_bram_if_cntlr_1_lm...
Compiling module xil_defaultlib.design_1_dlmb_bram_if_cntlr_1
Compiling module xil_defaultlib.design_1_dlmb_v10_1_lmb_v10
Compiling module xil_defaultlib.design_1_dlmb_v10_1
Compiling module xil_defaultlib.design_1_ilmb_bram_if_cntlr_1_lm...
Compiling module xil_defaultlib.design_1_ilmb_bram_if_cntlr_1
Compiling module xil_defaultlib.design_1_ilmb_v10_1_lmb_v10
Compiling module xil_defaultlib.design_1_ilmb_v10_1
Compiling module unisims_ver.RB36_INTERNAL_VLOG(DOA_REG=0,DOB...
Compiling module unisims_ver.RAMB36E1(READ_WIDTH_A=18,READ_WI...
Compiling module xil_defaultlib.design_1_lmb_bram_1_blk_mem_gen_...
Compiling module xil_defaultlib.design_1_lmb_bram_1_blk_mem_gen_...
Compiling module xil_defaultlib.design_1_lmb_bram_1_blk_mem_gen_...
Compiling module xil_defaultlib.design_1_lmb_bram_1_blk_mem_gen_...
Compiling module xil_defaultlib.design_1_lmb_bram_1_blk_mem_gen_...
Compiling module xil_defaultlib.design_1_lmb_bram_1_blk_mem_gen_...
Compiling module xil_defaultlib.design_1_lmb_bram_1_blk_mem_gen_...
Compiling module xil_defaultlib.design_1_lmb_bram_1_blk_mem_gen_...
Compiling module xil_defaultlib.design_1_lmb_bram_1
Compiling module xil_defaultlib.microblaze_0_local_memory_imp_1K...
Compiling module xil_defaultlib.design_1_rst_clk_wiz_1_100M_1_cd...
Compiling module xil_defaultlib.design_1_rst_clk_wiz_1_100M_1_cd...
Compiling module xil_defaultlib.design_1_rst_clk_wiz_1_100M_1_lp...
Compiling module unisims_ver.FDSE(INIT=1'b0)
Compiling module xil_defaultlib.design_1_rst_clk_wiz_1_100M_1_up...
Compiling module xil_defaultlib.design_1_rst_clk_wiz_1_100M_1_se...
Compiling module xil_defaultlib.design_1_rst_clk_wiz_1_100M_1_pr...
Compiling module xil_defaultlib.design_1_rst_clk_wiz_1_100M_1
Compiling module xil_defaultlib.srervo_ip_v1_0_S00_AXI(ZERO_TIME...
Compiling module xil_defaultlib.srervo_ip_v1_0(scaleFactor='b011...
Compiling module xil_defaultlib.design_1_servo_ip_0_1
Compiling module xil_defaultlib.design_1
Compiling module xil_defaultlib.design_1_wrapper
Compiling module xil_defaultlib.tb
Compiling module xil_defaultlib.glbl
Built simulation snapshot tb_behav
