INFO: [VRFC 10-2263] Analyzing Verilog file "C:/Users/Anthony/Documents/ECE532/servo/servo.ip_user_files/bd/design_1/hdl/design_1.v" into library xil_defaultlib
INFO: [VRFC 10-311] analyzing module design_1
INFO: [VRFC 10-311] analyzing module design_1_microblaze_0_axi_periph_1
INFO: [VRFC 10-311] analyzing module microblaze_0_local_memory_imp_1K0VQXK
INFO: [VRFC 10-311] analyzing module s00_couplers_imp_1RZP34U
INFO: [VRFC 10-2263] Analyzing Verilog file "C:/Users/Anthony/Documents/ECE532/servo/servo.ip_user_files/bd/design_1/ip/design_1_microblaze_0_1/design_1_microblaze_0_1_sim_netlist.v" into library xil_defaultlib
INFO: [VRFC 10-311] analyzing module design_1_microblaze_0_1
INFO: [VRFC 10-311] analyzing module design_1_microblaze_0_1_ALU
INFO: [VRFC 10-311] analyzing module design_1_microblaze_0_1_ALU_Bit
INFO: [VRFC 10-311] analyzing module design_1_microblaze_0_1_ALU_Bit_491
INFO: [VRFC 10-311] analyzing module design_1_microblaze_0_1_ALU_Bit_492
INFO: [VRFC 10-311] analyzing module design_1_microblaze_0_1_ALU_Bit_493
INFO: [VRFC 10-311] analyzing module design_1_microblaze_0_1_ALU_Bit_494
INFO: [VRFC 10-311] analyzing module design_1_microblaze_0_1_ALU_Bit_495
INFO: [VRFC 10-311] analyzing module design_1_microblaze_0_1_ALU_Bit_496
INFO: [VRFC 10-311] analyzing module design_1_microblaze_0_1_ALU_Bit_497
INFO: [VRFC 10-311] analyzing module design_1_microblaze_0_1_ALU_Bit_498
INFO: [VRFC 10-311] analyzing module design_1_microblaze_0_1_ALU_Bit_499
INFO: [VRFC 10-311] analyzing module design_1_microblaze_0_1_ALU_Bit_500
INFO: [VRFC 10-311] analyzing module design_1_microblaze_0_1_ALU_Bit_501
INFO: [VRFC 10-311] analyzing module design_1_microblaze_0_1_ALU_Bit_502
INFO: [VRFC 10-311] analyzing module design_1_microblaze_0_1_ALU_Bit_503
INFO: [VRFC 10-311] analyzing module design_1_microblaze_0_1_ALU_Bit_504
INFO: [VRFC 10-311] analyzing module design_1_microblaze_0_1_ALU_Bit_505
INFO: [VRFC 10-311] analyzing module design_1_microblaze_0_1_ALU_Bit_506
INFO: [VRFC 10-311] analyzing module design_1_microblaze_0_1_ALU_Bit_507
INFO: [VRFC 10-311] analyzing module design_1_microblaze_0_1_ALU_Bit_508
INFO: [VRFC 10-311] analyzing module design_1_microblaze_0_1_ALU_Bit_509
INFO: [VRFC 10-311] analyzing module design_1_microblaze_0_1_ALU_Bit_510
INFO: [VRFC 10-311] analyzing module design_1_microblaze_0_1_ALU_Bit_511
INFO: [VRFC 10-311] analyzing module design_1_microblaze_0_1_ALU_Bit_512
INFO: [VRFC 10-311] analyzing module design_1_microblaze_0_1_ALU_Bit_513
INFO: [VRFC 10-311] analyzing module design_1_microblaze_0_1_ALU_Bit_514
INFO: [VRFC 10-311] analyzing module design_1_microblaze_0_1_ALU_Bit_515
INFO: [VRFC 10-311] analyzing module design_1_microblaze_0_1_ALU_Bit_516
INFO: [VRFC 10-311] analyzing module design_1_microblaze_0_1_ALU_Bit_517
INFO: [VRFC 10-311] analyzing module design_1_microblaze_0_1_ALU_Bit_518
INFO: [VRFC 10-311] analyzing module design_1_microblaze_0_1_ALU_Bit_519
INFO: [VRFC 10-311] analyzing module design_1_microblaze_0_1_ALU_Bit_520
INFO: [VRFC 10-311] analyzing module design_1_microblaze_0_1_ALU_Bit__parameterized2
INFO: [VRFC 10-311] analyzing module design_1_microblaze_0_1_Byte_Doublet_Handle_gti
INFO: [VRFC 10-311] analyzing module design_1_microblaze_0_1_DAXI_interface
INFO: [VRFC 10-311] analyzing module design_1_microblaze_0_1_Data_Flow_Logic
INFO: [VRFC 10-311] analyzing module design_1_microblaze_0_1_Data_Flow_gti
INFO: [VRFC 10-311] analyzing module design_1_microblaze_0_1_Debug
INFO: [VRFC 10-311] analyzing module design_1_microblaze_0_1_Decode_gti
INFO: [VRFC 10-311] analyzing module design_1_microblaze_0_1_MB_AND2B1L
INFO: [VRFC 10-311] analyzing module design_1_microblaze_0_1_MB_FDE
INFO: [VRFC 10-311] analyzing module design_1_microblaze_0_1_MB_FDE_313
INFO: [VRFC 10-311] analyzing module design_1_microblaze_0_1_MB_FDE_316
INFO: [VRFC 10-311] analyzing module design_1_microblaze_0_1_MB_FDE_319
INFO: [VRFC 10-311] analyzing module design_1_microblaze_0_1_MB_FDE_322
INFO: [VRFC 10-311] analyzing module design_1_microblaze_0_1_MB_FDE_325
INFO: [VRFC 10-311] analyzing module design_1_microblaze_0_1_MB_FDE_328
INFO: [VRFC 10-311] analyzing module design_1_microblaze_0_1_MB_FDE_331
INFO: [VRFC 10-311] analyzing module design_1_microblaze_0_1_MB_FDE_334
INFO: [VRFC 10-311] analyzing module design_1_microblaze_0_1_MB_FDE_337
INFO: [VRFC 10-311] analyzing module design_1_microblaze_0_1_MB_FDE_340
INFO: [VRFC 10-311] analyzing module design_1_microblaze_0_1_MB_FDE_343
INFO: [VRFC 10-311] analyzing module design_1_microblaze_0_1_MB_FDE_346
INFO: [VRFC 10-311] analyzing module design_1_microblaze_0_1_MB_FDE_349
INFO: [VRFC 10-311] analyzing module design_1_microblaze_0_1_MB_FDE_352
INFO: [VRFC 10-311] analyzing module design_1_microblaze_0_1_MB_FDE_355
INFO: [VRFC 10-311] analyzing module design_1_microblaze_0_1_MB_FDE_358
INFO: [VRFC 10-311] analyzing module design_1_microblaze_0_1_MB_FDE_361
INFO: [VRFC 10-311] analyzing module design_1_microblaze_0_1_MB_FDE_364
INFO: [VRFC 10-311] analyzing module design_1_microblaze_0_1_MB_FDE_367
INFO: [VRFC 10-311] analyzing module design_1_microblaze_0_1_MB_FDE_370
INFO: [VRFC 10-311] analyzing module design_1_microblaze_0_1_MB_FDE_373
INFO: [VRFC 10-311] analyzing module design_1_microblaze_0_1_MB_FDE_376
INFO: [VRFC 10-311] analyzing module design_1_microblaze_0_1_MB_FDE_379
INFO: [VRFC 10-311] analyzing module design_1_microblaze_0_1_MB_FDE_382
INFO: [VRFC 10-311] analyzing module design_1_microblaze_0_1_MB_FDE_385
INFO: [VRFC 10-311] analyzing module design_1_microblaze_0_1_MB_FDE_388
INFO: [VRFC 10-311] analyzing module design_1_microblaze_0_1_MB_FDE_391
INFO: [VRFC 10-311] analyzing module design_1_microblaze_0_1_MB_FDE_394
INFO: [VRFC 10-311] analyzing module design_1_microblaze_0_1_MB_FDE_397
INFO: [VRFC 10-311] analyzing module design_1_microblaze_0_1_MB_FDE_400
INFO: [VRFC 10-311] analyzing module design_1_microblaze_0_1_MB_FDE_403
INFO: [VRFC 10-311] analyzing module design_1_microblaze_0_1_MB_FDR
INFO: [VRFC 10-311] analyzing module design_1_microblaze_0_1_MB_FDRE
INFO: [VRFC 10-311] analyzing module design_1_microblaze_0_1_MB_FDRE_458
INFO: [VRFC 10-311] analyzing module design_1_microblaze_0_1_MB_FDRE_459
INFO: [VRFC 10-311] analyzing module design_1_microblaze_0_1_MB_FDRE_460
INFO: [VRFC 10-311] analyzing module design_1_microblaze_0_1_MB_FDRE_461
INFO: [VRFC 10-311] analyzing module design_1_microblaze_0_1_MB_FDRE_462
INFO: [VRFC 10-311] analyzing module design_1_microblaze_0_1_MB_FDRE_463
INFO: [VRFC 10-311] analyzing module design_1_microblaze_0_1_MB_FDRE_464
INFO: [VRFC 10-311] analyzing module design_1_microblaze_0_1_MB_FDRE_465
INFO: [VRFC 10-311] analyzing module design_1_microblaze_0_1_MB_FDRE_466
INFO: [VRFC 10-311] analyzing module design_1_microblaze_0_1_MB_FDRE_467
INFO: [VRFC 10-311] analyzing module design_1_microblaze_0_1_MB_FDRE_468
INFO: [VRFC 10-311] analyzing module design_1_microblaze_0_1_MB_FDRE_469
INFO: [VRFC 10-311] analyzing module design_1_microblaze_0_1_MB_FDRE_470
INFO: [VRFC 10-311] analyzing module design_1_microblaze_0_1_MB_FDRE_471
INFO: [VRFC 10-311] analyzing module design_1_microblaze_0_1_MB_FDRE_472
INFO: [VRFC 10-311] analyzing module design_1_microblaze_0_1_MB_FDRE_473
INFO: [VRFC 10-311] analyzing module design_1_microblaze_0_1_MB_FDRE_474
INFO: [VRFC 10-311] analyzing module design_1_microblaze_0_1_MB_FDRE_475
INFO: [VRFC 10-311] analyzing module design_1_microblaze_0_1_MB_FDRE_476
INFO: [VRFC 10-311] analyzing module design_1_microblaze_0_1_MB_FDRE_477
INFO: [VRFC 10-311] analyzing module design_1_microblaze_0_1_MB_FDRE_478
INFO: [VRFC 10-311] analyzing module design_1_microblaze_0_1_MB_FDRE_479
INFO: [VRFC 10-311] analyzing module design_1_microblaze_0_1_MB_FDRE_480
INFO: [VRFC 10-311] analyzing module design_1_microblaze_0_1_MB_FDRE_481
INFO: [VRFC 10-311] analyzing module design_1_microblaze_0_1_MB_FDRE_482
INFO: [VRFC 10-311] analyzing module design_1_microblaze_0_1_MB_FDRE_483
INFO: [VRFC 10-311] analyzing module design_1_microblaze_0_1_MB_FDRE_484
INFO: [VRFC 10-311] analyzing module design_1_microblaze_0_1_MB_FDRE_485
INFO: [VRFC 10-311] analyzing module design_1_microblaze_0_1_MB_FDRE_486
INFO: [VRFC 10-311] analyzing module design_1_microblaze_0_1_MB_FDRE_487
INFO: [VRFC 10-311] analyzing module design_1_microblaze_0_1_MB_FDRE_488
INFO: [VRFC 10-311] analyzing module design_1_microblaze_0_1_MB_FDRE_489
INFO: [VRFC 10-311] analyzing module design_1_microblaze_0_1_MB_FDRE_68
INFO: [VRFC 10-311] analyzing module design_1_microblaze_0_1_MB_FDRE_69
INFO: [VRFC 10-311] analyzing module design_1_microblaze_0_1_MB_FDRE_70
INFO: [VRFC 10-311] analyzing module design_1_microblaze_0_1_MB_FDRE_71
INFO: [VRFC 10-311] analyzing module design_1_microblaze_0_1_MB_FDRE_72
INFO: [VRFC 10-311] analyzing module design_1_microblaze_0_1_MB_FDRE_73
INFO: [VRFC 10-311] analyzing module design_1_microblaze_0_1_MB_FDRE_74
INFO: [VRFC 10-311] analyzing module design_1_microblaze_0_1_MB_FDRE_75
INFO: [VRFC 10-311] analyzing module design_1_microblaze_0_1_MB_FDRE_76
INFO: [VRFC 10-311] analyzing module design_1_microblaze_0_1_MB_FDR_114
INFO: [VRFC 10-311] analyzing module design_1_microblaze_0_1_MB_FDR_115
INFO: [VRFC 10-311] analyzing module design_1_microblaze_0_1_MB_FDR_117
INFO: [VRFC 10-311] analyzing module design_1_microblaze_0_1_MB_FDR_119
INFO: [VRFC 10-311] analyzing module design_1_microblaze_0_1_MB_FDR_121
INFO: [VRFC 10-311] analyzing module design_1_microblaze_0_1_MB_FDR_123
INFO: [VRFC 10-311] analyzing module design_1_microblaze_0_1_MB_FDR_125
INFO: [VRFC 10-311] analyzing module design_1_microblaze_0_1_MB_FDR_127
INFO: [VRFC 10-311] analyzing module design_1_microblaze_0_1_MB_FDR_129
INFO: [VRFC 10-311] analyzing module design_1_microblaze_0_1_MB_FDR_131
INFO: [VRFC 10-311] analyzing module design_1_microblaze_0_1_MB_FDR_133
INFO: [VRFC 10-311] analyzing module design_1_microblaze_0_1_MB_FDR_135
INFO: [VRFC 10-311] analyzing module design_1_microblaze_0_1_MB_FDR_137
INFO: [VRFC 10-311] analyzing module design_1_microblaze_0_1_MB_FDR_139
INFO: [VRFC 10-311] analyzing module design_1_microblaze_0_1_MB_FDR_141
INFO: [VRFC 10-311] analyzing module design_1_microblaze_0_1_MB_FDR_143
INFO: [VRFC 10-311] analyzing module design_1_microblaze_0_1_MB_FDR_145
INFO: [VRFC 10-311] analyzing module design_1_microblaze_0_1_MB_FDR_147
INFO: [VRFC 10-311] analyzing module design_1_microblaze_0_1_MB_FDR_149
INFO: [VRFC 10-311] analyzing module design_1_microblaze_0_1_MB_FDR_151
INFO: [VRFC 10-311] analyzing module design_1_microblaze_0_1_MB_FDR_153
INFO: [VRFC 10-311] analyzing module design_1_microblaze_0_1_MB_FDR_155
INFO: [VRFC 10-311] analyzing module design_1_microblaze_0_1_MB_FDR_157
INFO: [VRFC 10-311] analyzing module design_1_microblaze_0_1_MB_FDR_159
INFO: [VRFC 10-311] analyzing module design_1_microblaze_0_1_MB_FDR_161
INFO: [VRFC 10-311] analyzing module design_1_microblaze_0_1_MB_FDR_163
INFO: [VRFC 10-311] analyzing module design_1_microblaze_0_1_MB_FDR_165
INFO: [VRFC 10-311] analyzing module design_1_microblaze_0_1_MB_FDR_167
INFO: [VRFC 10-311] analyzing module design_1_microblaze_0_1_MB_FDR_169
INFO: [VRFC 10-311] analyzing module design_1_microblaze_0_1_MB_FDR_171
INFO: [VRFC 10-311] analyzing module design_1_microblaze_0_1_MB_FDR_173
INFO: [VRFC 10-311] analyzing module design_1_microblaze_0_1_MB_FDR_175
INFO: [VRFC 10-311] analyzing module design_1_microblaze_0_1_MB_FDR_177
INFO: [VRFC 10-311] analyzing module design_1_microblaze_0_1_MB_FDR_179
INFO: [VRFC 10-311] analyzing module design_1_microblaze_0_1_MB_FDR_181
INFO: [VRFC 10-311] analyzing module design_1_microblaze_0_1_MB_FDR_183
INFO: [VRFC 10-311] analyzing module design_1_microblaze_0_1_MB_FDR_185
INFO: [VRFC 10-311] analyzing module design_1_microblaze_0_1_MB_FDR_187
INFO: [VRFC 10-311] analyzing module design_1_microblaze_0_1_MB_FDR_189
INFO: [VRFC 10-311] analyzing module design_1_microblaze_0_1_MB_FDR_191
INFO: [VRFC 10-311] analyzing module design_1_microblaze_0_1_MB_FDR_193
INFO: [VRFC 10-311] analyzing module design_1_microblaze_0_1_MB_FDR_195
INFO: [VRFC 10-311] analyzing module design_1_microblaze_0_1_MB_FDR_197
INFO: [VRFC 10-311] analyzing module design_1_microblaze_0_1_MB_FDR_199
INFO: [VRFC 10-311] analyzing module design_1_microblaze_0_1_MB_FDR_201
INFO: [VRFC 10-311] analyzing module design_1_microblaze_0_1_MB_FDR_203
INFO: [VRFC 10-311] analyzing module design_1_microblaze_0_1_MB_FDR_205
INFO: [VRFC 10-311] analyzing module design_1_microblaze_0_1_MB_FDR_207
INFO: [VRFC 10-311] analyzing module design_1_microblaze_0_1_MB_FDR_208
INFO: [VRFC 10-311] analyzing module design_1_microblaze_0_1_MB_FDR_210
INFO: [VRFC 10-311] analyzing module design_1_microblaze_0_1_MB_FDR_212
INFO: [VRFC 10-311] analyzing module design_1_microblaze_0_1_MB_FDR_214
INFO: [VRFC 10-311] analyzing module design_1_microblaze_0_1_MB_FDR_216
INFO: [VRFC 10-311] analyzing module design_1_microblaze_0_1_MB_FDR_218
INFO: [VRFC 10-311] analyzing module design_1_microblaze_0_1_MB_FDR_220
INFO: [VRFC 10-311] analyzing module design_1_microblaze_0_1_MB_FDR_222
INFO: [VRFC 10-311] analyzing module design_1_microblaze_0_1_MB_FDR_224
INFO: [VRFC 10-311] analyzing module design_1_microblaze_0_1_MB_FDR_226
INFO: [VRFC 10-311] analyzing module design_1_microblaze_0_1_MB_FDR_228
INFO: [VRFC 10-311] analyzing module design_1_microblaze_0_1_MB_FDR_230
INFO: [VRFC 10-311] analyzing module design_1_microblaze_0_1_MB_FDR_232
INFO: [VRFC 10-311] analyzing module design_1_microblaze_0_1_MB_FDR_234
INFO: [VRFC 10-311] analyzing module design_1_microblaze_0_1_MB_FDR_236
INFO: [VRFC 10-311] analyzing module design_1_microblaze_0_1_MB_FDR_238
INFO: [VRFC 10-311] analyzing module design_1_microblaze_0_1_MB_FDR_240
INFO: [VRFC 10-311] analyzing module design_1_microblaze_0_1_MB_FDR_242
INFO: [VRFC 10-311] analyzing module design_1_microblaze_0_1_MB_FDR_244
INFO: [VRFC 10-311] analyzing module design_1_microblaze_0_1_MB_FDR_246
INFO: [VRFC 10-311] analyzing module design_1_microblaze_0_1_MB_FDR_248
INFO: [VRFC 10-311] analyzing module design_1_microblaze_0_1_MB_FDR_250
INFO: [VRFC 10-311] analyzing module design_1_microblaze_0_1_MB_FDR_252
INFO: [VRFC 10-311] analyzing module design_1_microblaze_0_1_MB_FDR_254
INFO: [VRFC 10-311] analyzing module design_1_microblaze_0_1_MB_FDR_256
INFO: [VRFC 10-311] analyzing module design_1_microblaze_0_1_MB_FDR_258
INFO: [VRFC 10-311] analyzing module design_1_microblaze_0_1_MB_FDR_260
INFO: [VRFC 10-311] analyzing module design_1_microblaze_0_1_MB_FDR_262
INFO: [VRFC 10-311] analyzing module design_1_microblaze_0_1_MB_FDR_264
INFO: [VRFC 10-311] analyzing module design_1_microblaze_0_1_MB_FDR_266
INFO: [VRFC 10-311] analyzing module design_1_microblaze_0_1_MB_FDR_268
INFO: [VRFC 10-311] analyzing module design_1_microblaze_0_1_MB_FDR_270
INFO: [VRFC 10-311] analyzing module design_1_microblaze_0_1_MB_FDR_303
INFO: [VRFC 10-311] analyzing module design_1_microblaze_0_1_MB_FDR_304
INFO: [VRFC 10-311] analyzing module design_1_microblaze_0_1_MB_FDR_305
INFO: [VRFC 10-311] analyzing module design_1_microblaze_0_1_MB_FDR_306
INFO: [VRFC 10-311] analyzing module design_1_microblaze_0_1_MB_FDR_307
INFO: [VRFC 10-311] analyzing module design_1_microblaze_0_1_MB_FDR_308
INFO: [VRFC 10-311] analyzing module design_1_microblaze_0_1_MB_FDS
INFO: [VRFC 10-311] analyzing module design_1_microblaze_0_1_MB_LUT4
INFO: [VRFC 10-311] analyzing module design_1_microblaze_0_1_MB_LUT6
INFO: [VRFC 10-311] analyzing module design_1_microblaze_0_1_MB_LUT6_116
INFO: [VRFC 10-311] analyzing module design_1_microblaze_0_1_MB_LUT6_118
INFO: [VRFC 10-311] analyzing module design_1_microblaze_0_1_MB_LUT6_120
INFO: [VRFC 10-311] analyzing module design_1_microblaze_0_1_MB_LUT6_2
INFO: [VRFC 10-311] analyzing module design_1_microblaze_0_1_MB_LUT6_2_522
INFO: [VRFC 10-311] analyzing module design_1_microblaze_0_1_MB_LUT6_2_524
INFO: [VRFC 10-311] analyzing module design_1_microblaze_0_1_MB_LUT6_2_526
INFO: [VRFC 10-311] analyzing module design_1_microblaze_0_1_MB_LUT6_2_528
INFO: [VRFC 10-311] analyzing module design_1_microblaze_0_1_MB_LUT6_2_530
INFO: [VRFC 10-311] analyzing module design_1_microblaze_0_1_MB_LUT6_2_532
INFO: [VRFC 10-311] analyzing module design_1_microblaze_0_1_MB_LUT6_2_534
INFO: [VRFC 10-311] analyzing module design_1_microblaze_0_1_MB_LUT6_2_536
INFO: [VRFC 10-311] analyzing module design_1_microblaze_0_1_MB_LUT6_2_538
INFO: [VRFC 10-311] analyzing module design_1_microblaze_0_1_MB_LUT6_2_540
INFO: [VRFC 10-311] analyzing module design_1_microblaze_0_1_MB_LUT6_2_542
INFO: [VRFC 10-311] analyzing module design_1_microblaze_0_1_MB_LUT6_2_544
INFO: [VRFC 10-311] analyzing module design_1_microblaze_0_1_MB_LUT6_2_546
INFO: [VRFC 10-311] analyzing module design_1_microblaze_0_1_MB_LUT6_2_548
INFO: [VRFC 10-311] analyzing module design_1_microblaze_0_1_MB_LUT6_2_550
INFO: [VRFC 10-311] analyzing module design_1_microblaze_0_1_MB_LUT6_2_552
INFO: [VRFC 10-311] analyzing module design_1_microblaze_0_1_MB_LUT6_2_554
INFO: [VRFC 10-311] analyzing module design_1_microblaze_0_1_MB_LUT6_2_556
INFO: [VRFC 10-311] analyzing module design_1_microblaze_0_1_MB_LUT6_2_558
INFO: [VRFC 10-311] analyzing module design_1_microblaze_0_1_MB_LUT6_2_560
INFO: [VRFC 10-311] analyzing module design_1_microblaze_0_1_MB_LUT6_2_562
INFO: [VRFC 10-311] analyzing module design_1_microblaze_0_1_MB_LUT6_2_564
INFO: [VRFC 10-311] analyzing module design_1_microblaze_0_1_MB_LUT6_2_566
INFO: [VRFC 10-311] analyzing module design_1_microblaze_0_1_MB_LUT6_2_568
INFO: [VRFC 10-311] analyzing module design_1_microblaze_0_1_MB_LUT6_2_570
INFO: [VRFC 10-311] analyzing module design_1_microblaze_0_1_MB_LUT6_2_572
INFO: [VRFC 10-311] analyzing module design_1_microblaze_0_1_MB_LUT6_2_574
INFO: [VRFC 10-311] analyzing module design_1_microblaze_0_1_MB_LUT6_2_576
INFO: [VRFC 10-311] analyzing module design_1_microblaze_0_1_MB_LUT6_2_578
INFO: [VRFC 10-311] analyzing module design_1_microblaze_0_1_MB_LUT6_2_580
INFO: [VRFC 10-311] analyzing module design_1_microblaze_0_1_MB_LUT6_2__parameterized1
INFO: [VRFC 10-311] analyzing module design_1_microblaze_0_1_MB_LUT6_2__parameterized3
INFO: [VRFC 10-311] analyzing module design_1_microblaze_0_1_MB_LUT6_2__parameterized3_10
INFO: [VRFC 10-311] analyzing module design_1_microblaze_0_1_MB_LUT6_2__parameterized3_11
INFO: [VRFC 10-311] analyzing module design_1_microblaze_0_1_MB_LUT6_2__parameterized3_12
INFO: [VRFC 10-311] analyzing module design_1_microblaze_0_1_MB_LUT6_2__parameterized3_13
INFO: [VRFC 10-311] analyzing module design_1_microblaze_0_1_MB_LUT6_2__parameterized3_14
INFO: [VRFC 10-311] analyzing module design_1_microblaze_0_1_MB_LUT6_2__parameterized3_15
INFO: [VRFC 10-311] analyzing module design_1_microblaze_0_1_MB_LUT6_2__parameterized3_16
INFO: [VRFC 10-311] analyzing module design_1_microblaze_0_1_MB_LUT6_2__parameterized3_2
INFO: [VRFC 10-311] analyzing module design_1_microblaze_0_1_MB_LUT6_2__parameterized3_3
INFO: [VRFC 10-311] analyzing module design_1_microblaze_0_1_MB_LUT6_2__parameterized3_4
INFO: [VRFC 10-311] analyzing module design_1_microblaze_0_1_MB_LUT6_2__parameterized3_5
INFO: [VRFC 10-311] analyzing module design_1_microblaze_0_1_MB_LUT6_2__parameterized3_6
INFO: [VRFC 10-311] analyzing module design_1_microblaze_0_1_MB_LUT6_2__parameterized3_7
INFO: [VRFC 10-311] analyzing module design_1_microblaze_0_1_MB_LUT6_2__parameterized3_8
INFO: [VRFC 10-311] analyzing module design_1_microblaze_0_1_MB_LUT6_2__parameterized3_9
INFO: [VRFC 10-311] analyzing module design_1_microblaze_0_1_MB_LUT6_2__parameterized5
INFO: [VRFC 10-311] analyzing module design_1_microblaze_0_1_MB_LUT6_2__parameterized5_311
INFO: [VRFC 10-311] analyzing module design_1_microblaze_0_1_MB_LUT6_2__parameterized5_314
INFO: [VRFC 10-311] analyzing module design_1_microblaze_0_1_MB_LUT6_2__parameterized5_317
INFO: [VRFC 10-311] analyzing module design_1_microblaze_0_1_MB_LUT6_2__parameterized5_320
INFO: [VRFC 10-311] analyzing module design_1_microblaze_0_1_MB_LUT6_2__parameterized5_323
INFO: [VRFC 10-311] analyzing module design_1_microblaze_0_1_MB_LUT6_2__parameterized5_326
INFO: [VRFC 10-311] analyzing module design_1_microblaze_0_1_MB_LUT6_2__parameterized5_329
INFO: [VRFC 10-311] analyzing module design_1_microblaze_0_1_MB_LUT6_2__parameterized5_332
INFO: [VRFC 10-311] analyzing module design_1_microblaze_0_1_MB_LUT6_2__parameterized5_335
INFO: [VRFC 10-311] analyzing module design_1_microblaze_0_1_MB_LUT6_2__parameterized5_338
INFO: [VRFC 10-311] analyzing module design_1_microblaze_0_1_MB_LUT6_2__parameterized5_341
INFO: [VRFC 10-311] analyzing module design_1_microblaze_0_1_MB_LUT6_2__parameterized5_344
INFO: [VRFC 10-311] analyzing module design_1_microblaze_0_1_MB_LUT6_2__parameterized5_347
INFO: [VRFC 10-311] analyzing module design_1_microblaze_0_1_MB_LUT6_2__parameterized5_350
INFO: [VRFC 10-311] analyzing module design_1_microblaze_0_1_MB_LUT6_2__parameterized5_353
INFO: [VRFC 10-311] analyzing module design_1_microblaze_0_1_MB_LUT6_2__parameterized5_356
INFO: [VRFC 10-311] analyzing module design_1_microblaze_0_1_MB_LUT6_2__parameterized5_359
INFO: [VRFC 10-311] analyzing module design_1_microblaze_0_1_MB_LUT6_2__parameterized5_362
INFO: [VRFC 10-311] analyzing module design_1_microblaze_0_1_MB_LUT6_2__parameterized5_365
INFO: [VRFC 10-311] analyzing module design_1_microblaze_0_1_MB_LUT6_2__parameterized5_368
INFO: [VRFC 10-311] analyzing module design_1_microblaze_0_1_MB_LUT6_2__parameterized5_371
INFO: [VRFC 10-311] analyzing module design_1_microblaze_0_1_MB_LUT6_2__parameterized5_374
INFO: [VRFC 10-311] analyzing module design_1_microblaze_0_1_MB_LUT6_2__parameterized5_377
INFO: [VRFC 10-311] analyzing module design_1_microblaze_0_1_MB_LUT6_2__parameterized5_380
INFO: [VRFC 10-311] analyzing module design_1_microblaze_0_1_MB_LUT6_2__parameterized5_383
INFO: [VRFC 10-311] analyzing module design_1_microblaze_0_1_MB_LUT6_2__parameterized5_386
INFO: [VRFC 10-311] analyzing module design_1_microblaze_0_1_MB_LUT6_2__parameterized5_389
INFO: [VRFC 10-311] analyzing module design_1_microblaze_0_1_MB_LUT6_2__parameterized5_392
INFO: [VRFC 10-311] analyzing module design_1_microblaze_0_1_MB_LUT6_2__parameterized5_395
INFO: [VRFC 10-311] analyzing module design_1_microblaze_0_1_MB_LUT6_2__parameterized5_398
INFO: [VRFC 10-311] analyzing module design_1_microblaze_0_1_MB_LUT6_2__parameterized5_401
INFO: [VRFC 10-311] analyzing module design_1_microblaze_0_1_MB_LUT6__parameterized10
INFO: [VRFC 10-311] analyzing module design_1_microblaze_0_1_MB_LUT6__parameterized10_78
INFO: [VRFC 10-311] analyzing module design_1_microblaze_0_1_MB_LUT6__parameterized10_80
INFO: [VRFC 10-311] analyzing module design_1_microblaze_0_1_MB_LUT6__parameterized10_82
INFO: [VRFC 10-311] analyzing module design_1_microblaze_0_1_MB_LUT6__parameterized10_84
INFO: [VRFC 10-311] analyzing module design_1_microblaze_0_1_MB_LUT6__parameterized10_86
INFO: [VRFC 10-311] analyzing module design_1_microblaze_0_1_MB_LUT6__parameterized12
INFO: [VRFC 10-311] analyzing module design_1_microblaze_0_1_MB_LUT6__parameterized2
INFO: [VRFC 10-311] analyzing module design_1_microblaze_0_1_MB_LUT6__parameterized4
INFO: [VRFC 10-311] analyzing module design_1_microblaze_0_1_MB_LUT6__parameterized6
INFO: [VRFC 10-311] analyzing module design_1_microblaze_0_1_MB_LUT6__parameterized8
INFO: [VRFC 10-311] analyzing module design_1_microblaze_0_1_MB_LUT6__parameterized8_77
INFO: [VRFC 10-311] analyzing module design_1_microblaze_0_1_MB_LUT6__parameterized8_79
INFO: [VRFC 10-311] analyzing module design_1_microblaze_0_1_MB_LUT6__parameterized8_81
INFO: [VRFC 10-311] analyzing module design_1_microblaze_0_1_MB_LUT6__parameterized8_83
INFO: [VRFC 10-311] analyzing module design_1_microblaze_0_1_MB_LUT6__parameterized8_85
INFO: [VRFC 10-311] analyzing module design_1_microblaze_0_1_MB_MULT_AND
INFO: [VRFC 10-311] analyzing module design_1_microblaze_0_1_MB_MUXCY
INFO: [VRFC 10-311] analyzing module design_1_microblaze_0_1_MB_MUXCY_100
INFO: [VRFC 10-311] analyzing module design_1_microblaze_0_1_MB_MUXCY_101
INFO: [VRFC 10-311] analyzing module design_1_microblaze_0_1_MB_MUXCY_102
INFO: [VRFC 10-311] analyzing module design_1_microblaze_0_1_MB_MUXCY_103
INFO: [VRFC 10-311] analyzing module design_1_microblaze_0_1_MB_MUXCY_104
INFO: [VRFC 10-311] analyzing module design_1_microblaze_0_1_MB_MUXCY_105
INFO: [VRFC 10-311] analyzing module design_1_microblaze_0_1_MB_MUXCY_106
INFO: [VRFC 10-311] analyzing module design_1_microblaze_0_1_MB_MUXCY_107
INFO: [VRFC 10-311] analyzing module design_1_microblaze_0_1_MB_MUXCY_108
INFO: [VRFC 10-311] analyzing module design_1_microblaze_0_1_MB_MUXCY_109
INFO: [VRFC 10-311] analyzing module design_1_microblaze_0_1_MB_MUXCY_110
INFO: [VRFC 10-311] analyzing module design_1_microblaze_0_1_MB_MUXCY_111
INFO: [VRFC 10-311] analyzing module design_1_microblaze_0_1_MB_MUXCY_112
INFO: [VRFC 10-311] analyzing module design_1_microblaze_0_1_MB_MUXCY_113
INFO: [VRFC 10-311] analyzing module design_1_microblaze_0_1_MB_MUXCY_301
INFO: [VRFC 10-311] analyzing module design_1_microblaze_0_1_MB_MUXCY_302
INFO: [VRFC 10-311] analyzing module design_1_microblaze_0_1_MB_MUXCY_309
INFO: [VRFC 10-311] analyzing module design_1_microblaze_0_1_MB_MUXCY_31
INFO: [VRFC 10-311] analyzing module design_1_microblaze_0_1_MB_MUXCY_32
INFO: [VRFC 10-311] analyzing module design_1_microblaze_0_1_MB_MUXCY_34
INFO: [VRFC 10-311] analyzing module design_1_microblaze_0_1_MB_MUXCY_36
INFO: [VRFC 10-311] analyzing module design_1_microblaze_0_1_MB_MUXCY_38
INFO: [VRFC 10-311] analyzing module design_1_microblaze_0_1_MB_MUXCY_40
INFO: [VRFC 10-311] analyzing module design_1_microblaze_0_1_MB_MUXCY_404
INFO: [VRFC 10-311] analyzing module design_1_microblaze_0_1_MB_MUXCY_405
INFO: [VRFC 10-311] analyzing module design_1_microblaze_0_1_MB_MUXCY_406
INFO: [VRFC 10-311] analyzing module design_1_microblaze_0_1_MB_MUXCY_407
INFO: [VRFC 10-311] analyzing module design_1_microblaze_0_1_MB_MUXCY_408
INFO: [VRFC 10-311] analyzing module design_1_microblaze_0_1_MB_MUXCY_409
INFO: [VRFC 10-311] analyzing module design_1_microblaze_0_1_MB_MUXCY_410
INFO: [VRFC 10-311] analyzing module design_1_microblaze_0_1_MB_MUXCY_42
INFO: [VRFC 10-311] analyzing module design_1_microblaze_0_1_MB_MUXCY_44
INFO: [VRFC 10-311] analyzing module design_1_microblaze_0_1_MB_MUXCY_46
INFO: [VRFC 10-311] analyzing module design_1_microblaze_0_1_MB_MUXCY_490
INFO: [VRFC 10-311] analyzing module design_1_microblaze_0_1_MB_MUXCY_583
INFO: [VRFC 10-311] analyzing module design_1_microblaze_0_1_MB_MUXCY_92
INFO: [VRFC 10-311] analyzing module design_1_microblaze_0_1_MB_MUXCY_93
INFO: [VRFC 10-311] analyzing module design_1_microblaze_0_1_MB_MUXCY_94
INFO: [VRFC 10-311] analyzing module design_1_microblaze_0_1_MB_MUXCY_95
INFO: [VRFC 10-311] analyzing module design_1_microblaze_0_1_MB_MUXCY_96
INFO: [VRFC 10-311] analyzing module design_1_microblaze_0_1_MB_MUXCY_97
INFO: [VRFC 10-311] analyzing module design_1_microblaze_0_1_MB_MUXCY_98
INFO: [VRFC 10-311] analyzing module design_1_microblaze_0_1_MB_MUXCY_99
INFO: [VRFC 10-311] analyzing module design_1_microblaze_0_1_MB_MUXCY_XORCY
INFO: [VRFC 10-311] analyzing module design_1_microblaze_0_1_MB_MUXCY_XORCY_272
INFO: [VRFC 10-311] analyzing module design_1_microblaze_0_1_MB_MUXCY_XORCY_273
INFO: [VRFC 10-311] analyzing module design_1_microblaze_0_1_MB_MUXCY_XORCY_274
INFO: [VRFC 10-311] analyzing module design_1_microblaze_0_1_MB_MUXCY_XORCY_275
INFO: [VRFC 10-311] analyzing module design_1_microblaze_0_1_MB_MUXCY_XORCY_276
INFO: [VRFC 10-311] analyzing module design_1_microblaze_0_1_MB_MUXCY_XORCY_277
INFO: [VRFC 10-311] analyzing module design_1_microblaze_0_1_MB_MUXCY_XORCY_278
INFO: [VRFC 10-311] analyzing module design_1_microblaze_0_1_MB_MUXCY_XORCY_279
INFO: [VRFC 10-311] analyzing module design_1_microblaze_0_1_MB_MUXCY_XORCY_280
INFO: [VRFC 10-311] analyzing module design_1_microblaze_0_1_MB_MUXCY_XORCY_281
INFO: [VRFC 10-311] analyzing module design_1_microblaze_0_1_MB_MUXCY_XORCY_282
INFO: [VRFC 10-311] analyzing module design_1_microblaze_0_1_MB_MUXCY_XORCY_283
INFO: [VRFC 10-311] analyzing module design_1_microblaze_0_1_MB_MUXCY_XORCY_284
INFO: [VRFC 10-311] analyzing module design_1_microblaze_0_1_MB_MUXCY_XORCY_285
INFO: [VRFC 10-311] analyzing module design_1_microblaze_0_1_MB_MUXCY_XORCY_286
INFO: [VRFC 10-311] analyzing module design_1_microblaze_0_1_MB_MUXCY_XORCY_287
INFO: [VRFC 10-311] analyzing module design_1_microblaze_0_1_MB_MUXCY_XORCY_288
INFO: [VRFC 10-311] analyzing module design_1_microblaze_0_1_MB_MUXCY_XORCY_289
INFO: [VRFC 10-311] analyzing module design_1_microblaze_0_1_MB_MUXCY_XORCY_290
INFO: [VRFC 10-311] analyzing module design_1_microblaze_0_1_MB_MUXCY_XORCY_291
INFO: [VRFC 10-311] analyzing module design_1_microblaze_0_1_MB_MUXCY_XORCY_292
INFO: [VRFC 10-311] analyzing module design_1_microblaze_0_1_MB_MUXCY_XORCY_293
INFO: [VRFC 10-311] analyzing module design_1_microblaze_0_1_MB_MUXCY_XORCY_294
INFO: [VRFC 10-311] analyzing module design_1_microblaze_0_1_MB_MUXCY_XORCY_295
INFO: [VRFC 10-311] analyzing module design_1_microblaze_0_1_MB_MUXCY_XORCY_296
INFO: [VRFC 10-311] analyzing module design_1_microblaze_0_1_MB_MUXCY_XORCY_297
INFO: [VRFC 10-311] analyzing module design_1_microblaze_0_1_MB_MUXCY_XORCY_298
INFO: [VRFC 10-311] analyzing module design_1_microblaze_0_1_MB_MUXCY_XORCY_299
INFO: [VRFC 10-311] analyzing module design_1_microblaze_0_1_MB_MUXCY_XORCY_300
INFO: [VRFC 10-311] analyzing module design_1_microblaze_0_1_MB_MUXCY_XORCY_310
INFO: [VRFC 10-311] analyzing module design_1_microblaze_0_1_MB_MUXCY_XORCY_312
INFO: [VRFC 10-311] analyzing module design_1_microblaze_0_1_MB_MUXCY_XORCY_315
INFO: [VRFC 10-311] analyzing module design_1_microblaze_0_1_MB_MUXCY_XORCY_318
INFO: [VRFC 10-311] analyzing module design_1_microblaze_0_1_MB_MUXCY_XORCY_321
INFO: [VRFC 10-311] analyzing module design_1_microblaze_0_1_MB_MUXCY_XORCY_324
INFO: [VRFC 10-311] analyzing module design_1_microblaze_0_1_MB_MUXCY_XORCY_327
INFO: [VRFC 10-311] analyzing module design_1_microblaze_0_1_MB_MUXCY_XORCY_330
INFO: [VRFC 10-311] analyzing module design_1_microblaze_0_1_MB_MUXCY_XORCY_333
INFO: [VRFC 10-311] analyzing module design_1_microblaze_0_1_MB_MUXCY_XORCY_336
INFO: [VRFC 10-311] analyzing module design_1_microblaze_0_1_MB_MUXCY_XORCY_339
INFO: [VRFC 10-311] analyzing module design_1_microblaze_0_1_MB_MUXCY_XORCY_342
INFO: [VRFC 10-311] analyzing module design_1_microblaze_0_1_MB_MUXCY_XORCY_345
INFO: [VRFC 10-311] analyzing module design_1_microblaze_0_1_MB_MUXCY_XORCY_348
INFO: [VRFC 10-311] analyzing module design_1_microblaze_0_1_MB_MUXCY_XORCY_351
INFO: [VRFC 10-311] analyzing module design_1_microblaze_0_1_MB_MUXCY_XORCY_354
INFO: [VRFC 10-311] analyzing module design_1_microblaze_0_1_MB_MUXCY_XORCY_357
INFO: [VRFC 10-311] analyzing module design_1_microblaze_0_1_MB_MUXCY_XORCY_360
INFO: [VRFC 10-311] analyzing module design_1_microblaze_0_1_MB_MUXCY_XORCY_363
INFO: [VRFC 10-311] analyzing module design_1_microblaze_0_1_MB_MUXCY_XORCY_366
INFO: [VRFC 10-311] analyzing module design_1_microblaze_0_1_MB_MUXCY_XORCY_369
INFO: [VRFC 10-311] analyzing module design_1_microblaze_0_1_MB_MUXCY_XORCY_372
INFO: [VRFC 10-311] analyzing module design_1_microblaze_0_1_MB_MUXCY_XORCY_375
INFO: [VRFC 10-311] analyzing module design_1_microblaze_0_1_MB_MUXCY_XORCY_378
INFO: [VRFC 10-311] analyzing module design_1_microblaze_0_1_MB_MUXCY_XORCY_381
INFO: [VRFC 10-311] analyzing module design_1_microblaze_0_1_MB_MUXCY_XORCY_384
INFO: [VRFC 10-311] analyzing module design_1_microblaze_0_1_MB_MUXCY_XORCY_387
INFO: [VRFC 10-311] analyzing module design_1_microblaze_0_1_MB_MUXCY_XORCY_390
INFO: [VRFC 10-311] analyzing module design_1_microblaze_0_1_MB_MUXCY_XORCY_393
INFO: [VRFC 10-311] analyzing module design_1_microblaze_0_1_MB_MUXCY_XORCY_396
INFO: [VRFC 10-311] analyzing module design_1_microblaze_0_1_MB_MUXCY_XORCY_399
INFO: [VRFC 10-311] analyzing module design_1_microblaze_0_1_MB_MUXCY_XORCY_402
INFO: [VRFC 10-311] analyzing module design_1_microblaze_0_1_MB_MUXCY_XORCY_521
INFO: [VRFC 10-311] analyzing module design_1_microblaze_0_1_MB_MUXCY_XORCY_523
INFO: [VRFC 10-311] analyzing module design_1_microblaze_0_1_MB_MUXCY_XORCY_525
INFO: [VRFC 10-311] analyzing module design_1_microblaze_0_1_MB_MUXCY_XORCY_527
INFO: [VRFC 10-311] analyzing module design_1_microblaze_0_1_MB_MUXCY_XORCY_529
INFO: [VRFC 10-311] analyzing module design_1_microblaze_0_1_MB_MUXCY_XORCY_531
INFO: [VRFC 10-311] analyzing module design_1_microblaze_0_1_MB_MUXCY_XORCY_533
INFO: [VRFC 10-311] analyzing module design_1_microblaze_0_1_MB_MUXCY_XORCY_535
INFO: [VRFC 10-311] analyzing module design_1_microblaze_0_1_MB_MUXCY_XORCY_537
INFO: [VRFC 10-311] analyzing module design_1_microblaze_0_1_MB_MUXCY_XORCY_539
INFO: [VRFC 10-311] analyzing module design_1_microblaze_0_1_MB_MUXCY_XORCY_541
INFO: [VRFC 10-311] analyzing module design_1_microblaze_0_1_MB_MUXCY_XORCY_543
INFO: [VRFC 10-311] analyzing module design_1_microblaze_0_1_MB_MUXCY_XORCY_545
INFO: [VRFC 10-311] analyzing module design_1_microblaze_0_1_MB_MUXCY_XORCY_547
INFO: [VRFC 10-311] analyzing module design_1_microblaze_0_1_MB_MUXCY_XORCY_549
INFO: [VRFC 10-311] analyzing module design_1_microblaze_0_1_MB_MUXCY_XORCY_551
INFO: [VRFC 10-311] analyzing module design_1_microblaze_0_1_MB_MUXCY_XORCY_553
INFO: [VRFC 10-311] analyzing module design_1_microblaze_0_1_MB_MUXCY_XORCY_555
INFO: [VRFC 10-311] analyzing module design_1_microblaze_0_1_MB_MUXCY_XORCY_557
INFO: [VRFC 10-311] analyzing module design_1_microblaze_0_1_MB_MUXCY_XORCY_559
INFO: [VRFC 10-311] analyzing module design_1_microblaze_0_1_MB_MUXCY_XORCY_561
INFO: [VRFC 10-311] analyzing module design_1_microblaze_0_1_MB_MUXCY_XORCY_563
INFO: [VRFC 10-311] analyzing module design_1_microblaze_0_1_MB_MUXCY_XORCY_565
INFO: [VRFC 10-311] analyzing module design_1_microblaze_0_1_MB_MUXCY_XORCY_567
INFO: [VRFC 10-311] analyzing module design_1_microblaze_0_1_MB_MUXCY_XORCY_569
INFO: [VRFC 10-311] analyzing module design_1_microblaze_0_1_MB_MUXCY_XORCY_571
INFO: [VRFC 10-311] analyzing module design_1_microblaze_0_1_MB_MUXCY_XORCY_573
INFO: [VRFC 10-311] analyzing module design_1_microblaze_0_1_MB_MUXCY_XORCY_575
INFO: [VRFC 10-311] analyzing module design_1_microblaze_0_1_MB_MUXCY_XORCY_577
INFO: [VRFC 10-311] analyzing module design_1_microblaze_0_1_MB_MUXCY_XORCY_579
INFO: [VRFC 10-311] analyzing module design_1_microblaze_0_1_MB_MUXCY_XORCY_581
INFO: [VRFC 10-311] analyzing module design_1_microblaze_0_1_MB_MUXCY_XORCY_582
INFO: [VRFC 10-311] analyzing module design_1_microblaze_0_1_MB_MUXF7
INFO: [VRFC 10-311] analyzing module design_1_microblaze_0_1_MB_MUXF7_122
INFO: [VRFC 10-311] analyzing module design_1_microblaze_0_1_MB_MUXF7_124
INFO: [VRFC 10-311] analyzing module design_1_microblaze_0_1_MB_MUXF7_126
INFO: [VRFC 10-311] analyzing module design_1_microblaze_0_1_MB_MUXF7_128
INFO: [VRFC 10-311] analyzing module design_1_microblaze_0_1_MB_MUXF7_130
INFO: [VRFC 10-311] analyzing module design_1_microblaze_0_1_MB_MUXF7_132
INFO: [VRFC 10-311] analyzing module design_1_microblaze_0_1_MB_MUXF7_134
INFO: [VRFC 10-311] analyzing module design_1_microblaze_0_1_MB_MUXF7_136
INFO: [VRFC 10-311] analyzing module design_1_microblaze_0_1_MB_MUXF7_138
INFO: [VRFC 10-311] analyzing module design_1_microblaze_0_1_MB_MUXF7_140
INFO: [VRFC 10-311] analyzing module design_1_microblaze_0_1_MB_MUXF7_142
INFO: [VRFC 10-311] analyzing module design_1_microblaze_0_1_MB_MUXF7_144
INFO: [VRFC 10-311] analyzing module design_1_microblaze_0_1_MB_MUXF7_146
INFO: [VRFC 10-311] analyzing module design_1_microblaze_0_1_MB_MUXF7_148
INFO: [VRFC 10-311] analyzing module design_1_microblaze_0_1_MB_MUXF7_150
INFO: [VRFC 10-311] analyzing module design_1_microblaze_0_1_MB_MUXF7_152
INFO: [VRFC 10-311] analyzing module design_1_microblaze_0_1_MB_MUXF7_154
INFO: [VRFC 10-311] analyzing module design_1_microblaze_0_1_MB_MUXF7_156
INFO: [VRFC 10-311] analyzing module design_1_microblaze_0_1_MB_MUXF7_158
INFO: [VRFC 10-311] analyzing module design_1_microblaze_0_1_MB_MUXF7_160
INFO: [VRFC 10-311] analyzing module design_1_microblaze_0_1_MB_MUXF7_162
INFO: [VRFC 10-311] analyzing module design_1_microblaze_0_1_MB_MUXF7_164
INFO: [VRFC 10-311] analyzing module design_1_microblaze_0_1_MB_MUXF7_166
INFO: [VRFC 10-311] analyzing module design_1_microblaze_0_1_MB_MUXF7_168
INFO: [VRFC 10-311] analyzing module design_1_microblaze_0_1_MB_MUXF7_170
INFO: [VRFC 10-311] analyzing module design_1_microblaze_0_1_MB_MUXF7_172
INFO: [VRFC 10-311] analyzing module design_1_microblaze_0_1_MB_MUXF7_174
INFO: [VRFC 10-311] analyzing module design_1_microblaze_0_1_MB_MUXF7_176
INFO: [VRFC 10-311] analyzing module design_1_microblaze_0_1_MB_MUXF7_178
INFO: [VRFC 10-311] analyzing module design_1_microblaze_0_1_MB_MUXF7_180
INFO: [VRFC 10-311] analyzing module design_1_microblaze_0_1_MB_MUXF7_182
INFO: [VRFC 10-311] analyzing module design_1_microblaze_0_1_MB_MUXF7_184
INFO: [VRFC 10-311] analyzing module design_1_microblaze_0_1_MB_MUXF7_186
INFO: [VRFC 10-311] analyzing module design_1_microblaze_0_1_MB_MUXF7_188
INFO: [VRFC 10-311] analyzing module design_1_microblaze_0_1_MB_MUXF7_190
INFO: [VRFC 10-311] analyzing module design_1_microblaze_0_1_MB_MUXF7_192
INFO: [VRFC 10-311] analyzing module design_1_microblaze_0_1_MB_MUXF7_194
INFO: [VRFC 10-311] analyzing module design_1_microblaze_0_1_MB_MUXF7_196
INFO: [VRFC 10-311] analyzing module design_1_microblaze_0_1_MB_MUXF7_198
INFO: [VRFC 10-311] analyzing module design_1_microblaze_0_1_MB_MUXF7_200
INFO: [VRFC 10-311] analyzing module design_1_microblaze_0_1_MB_MUXF7_202
INFO: [VRFC 10-311] analyzing module design_1_microblaze_0_1_MB_MUXF7_204
INFO: [VRFC 10-311] analyzing module design_1_microblaze_0_1_MB_MUXF7_206
INFO: [VRFC 10-311] analyzing module design_1_microblaze_0_1_MB_MUXF7_209
INFO: [VRFC 10-311] analyzing module design_1_microblaze_0_1_MB_MUXF7_211
INFO: [VRFC 10-311] analyzing module design_1_microblaze_0_1_MB_MUXF7_213
INFO: [VRFC 10-311] analyzing module design_1_microblaze_0_1_MB_MUXF7_215
INFO: [VRFC 10-311] analyzing module design_1_microblaze_0_1_MB_MUXF7_217
INFO: [VRFC 10-311] analyzing module design_1_microblaze_0_1_MB_MUXF7_219
INFO: [VRFC 10-311] analyzing module design_1_microblaze_0_1_MB_MUXF7_221
INFO: [VRFC 10-311] analyzing module design_1_microblaze_0_1_MB_MUXF7_223
INFO: [VRFC 10-311] analyzing module design_1_microblaze_0_1_MB_MUXF7_225
INFO: [VRFC 10-311] analyzing module design_1_microblaze_0_1_MB_MUXF7_227
INFO: [VRFC 10-311] analyzing module design_1_microblaze_0_1_MB_MUXF7_229
INFO: [VRFC 10-311] analyzing module design_1_microblaze_0_1_MB_MUXF7_231
INFO: [VRFC 10-311] analyzing module design_1_microblaze_0_1_MB_MUXF7_233
INFO: [VRFC 10-311] analyzing module design_1_microblaze_0_1_MB_MUXF7_235
INFO: [VRFC 10-311] analyzing module design_1_microblaze_0_1_MB_MUXF7_237
INFO: [VRFC 10-311] analyzing module design_1_microblaze_0_1_MB_MUXF7_239
INFO: [VRFC 10-311] analyzing module design_1_microblaze_0_1_MB_MUXF7_241
INFO: [VRFC 10-311] analyzing module design_1_microblaze_0_1_MB_MUXF7_243
INFO: [VRFC 10-311] analyzing module design_1_microblaze_0_1_MB_MUXF7_245
INFO: [VRFC 10-311] analyzing module design_1_microblaze_0_1_MB_MUXF7_247
INFO: [VRFC 10-311] analyzing module design_1_microblaze_0_1_MB_MUXF7_249
INFO: [VRFC 10-311] analyzing module design_1_microblaze_0_1_MB_MUXF7_251
INFO: [VRFC 10-311] analyzing module design_1_microblaze_0_1_MB_MUXF7_253
INFO: [VRFC 10-311] analyzing module design_1_microblaze_0_1_MB_MUXF7_255
INFO: [VRFC 10-311] analyzing module design_1_microblaze_0_1_MB_MUXF7_257
INFO: [VRFC 10-311] analyzing module design_1_microblaze_0_1_MB_MUXF7_259
INFO: [VRFC 10-311] analyzing module design_1_microblaze_0_1_MB_MUXF7_261
INFO: [VRFC 10-311] analyzing module design_1_microblaze_0_1_MB_MUXF7_263
INFO: [VRFC 10-311] analyzing module design_1_microblaze_0_1_MB_MUXF7_265
INFO: [VRFC 10-311] analyzing module design_1_microblaze_0_1_MB_MUXF7_267
INFO: [VRFC 10-311] analyzing module design_1_microblaze_0_1_MB_MUXF7_269
INFO: [VRFC 10-311] analyzing module design_1_microblaze_0_1_MB_MUXF7_271
INFO: [VRFC 10-311] analyzing module design_1_microblaze_0_1_MB_MUXF7_426
INFO: [VRFC 10-311] analyzing module design_1_microblaze_0_1_MB_MUXF7_427
INFO: [VRFC 10-311] analyzing module design_1_microblaze_0_1_MB_MUXF7_428
INFO: [VRFC 10-311] analyzing module design_1_microblaze_0_1_MB_MUXF7_429
INFO: [VRFC 10-311] analyzing module design_1_microblaze_0_1_MB_MUXF7_430
INFO: [VRFC 10-311] analyzing module design_1_microblaze_0_1_MB_MUXF7_431
INFO: [VRFC 10-311] analyzing module design_1_microblaze_0_1_MB_MUXF7_432
INFO: [VRFC 10-311] analyzing module design_1_microblaze_0_1_MB_MUXF7_433
INFO: [VRFC 10-311] analyzing module design_1_microblaze_0_1_MB_MUXF7_434
INFO: [VRFC 10-311] analyzing module design_1_microblaze_0_1_MB_MUXF7_435
INFO: [VRFC 10-311] analyzing module design_1_microblaze_0_1_MB_MUXF7_436
INFO: [VRFC 10-311] analyzing module design_1_microblaze_0_1_MB_MUXF7_437
INFO: [VRFC 10-311] analyzing module design_1_microblaze_0_1_MB_MUXF7_438
INFO: [VRFC 10-311] analyzing module design_1_microblaze_0_1_MB_MUXF7_439
INFO: [VRFC 10-311] analyzing module design_1_microblaze_0_1_MB_MUXF7_440
INFO: [VRFC 10-311] analyzing module design_1_microblaze_0_1_MB_MUXF7_441
INFO: [VRFC 10-311] analyzing module design_1_microblaze_0_1_MB_MUXF7_442
INFO: [VRFC 10-311] analyzing module design_1_microblaze_0_1_MB_MUXF7_443
INFO: [VRFC 10-311] analyzing module design_1_microblaze_0_1_MB_MUXF7_444
INFO: [VRFC 10-311] analyzing module design_1_microblaze_0_1_MB_MUXF7_445
INFO: [VRFC 10-311] analyzing module design_1_microblaze_0_1_MB_MUXF7_446
INFO: [VRFC 10-311] analyzing module design_1_microblaze_0_1_MB_MUXF7_447
INFO: [VRFC 10-311] analyzing module design_1_microblaze_0_1_MB_MUXF7_448
INFO: [VRFC 10-311] analyzing module design_1_microblaze_0_1_MB_MUXF7_449
INFO: [VRFC 10-311] analyzing module design_1_microblaze_0_1_MB_MUXF7_450
INFO: [VRFC 10-311] analyzing module design_1_microblaze_0_1_MB_MUXF7_451
INFO: [VRFC 10-311] analyzing module design_1_microblaze_0_1_MB_MUXF7_452
INFO: [VRFC 10-311] analyzing module design_1_microblaze_0_1_MB_MUXF7_453
INFO: [VRFC 10-311] analyzing module design_1_microblaze_0_1_MB_MUXF7_454
INFO: [VRFC 10-311] analyzing module design_1_microblaze_0_1_MB_MUXF7_455
INFO: [VRFC 10-311] analyzing module design_1_microblaze_0_1_MB_MUXF7_456
INFO: [VRFC 10-311] analyzing module design_1_microblaze_0_1_MB_MUXF7_457
INFO: [VRFC 10-311] analyzing module design_1_microblaze_0_1_MB_RAM32M
INFO: [VRFC 10-311] analyzing module design_1_microblaze_0_1_MB_RAM32M_411
INFO: [VRFC 10-311] analyzing module design_1_microblaze_0_1_MB_RAM32M_412
INFO: [VRFC 10-311] analyzing module design_1_microblaze_0_1_MB_RAM32M_413
INFO: [VRFC 10-311] analyzing module design_1_microblaze_0_1_MB_RAM32M_414
INFO: [VRFC 10-311] analyzing module design_1_microblaze_0_1_MB_RAM32M_415
INFO: [VRFC 10-311] analyzing module design_1_microblaze_0_1_MB_RAM32M_416
INFO: [VRFC 10-311] analyzing module design_1_microblaze_0_1_MB_RAM32M_417
INFO: [VRFC 10-311] analyzing module design_1_microblaze_0_1_MB_RAM32M_418
INFO: [VRFC 10-311] analyzing module design_1_microblaze_0_1_MB_RAM32M_419
INFO: [VRFC 10-311] analyzing module design_1_microblaze_0_1_MB_RAM32M_420
INFO: [VRFC 10-311] analyzing module design_1_microblaze_0_1_MB_RAM32M_421
INFO: [VRFC 10-311] analyzing module design_1_microblaze_0_1_MB_RAM32M_422
INFO: [VRFC 10-311] analyzing module design_1_microblaze_0_1_MB_RAM32M_423
INFO: [VRFC 10-311] analyzing module design_1_microblaze_0_1_MB_RAM32M_424
INFO: [VRFC 10-311] analyzing module design_1_microblaze_0_1_MB_RAM32M_425
INFO: [VRFC 10-311] analyzing module design_1_microblaze_0_1_MB_SRL16E
INFO: [VRFC 10-311] analyzing module design_1_microblaze_0_1_MB_SRL16E__parameterized1
INFO: [VRFC 10-311] analyzing module design_1_microblaze_0_1_MB_SRL16E__parameterized1_17
INFO: [VRFC 10-311] analyzing module design_1_microblaze_0_1_MB_SRL16E__parameterized1_18
INFO: [VRFC 10-311] analyzing module design_1_microblaze_0_1_MB_SRL16E__parameterized1_19
INFO: [VRFC 10-311] analyzing module design_1_microblaze_0_1_MB_SRL16E__parameterized1_20
INFO: [VRFC 10-311] analyzing module design_1_microblaze_0_1_MB_SRL16E__parameterized1_23
INFO: [VRFC 10-311] analyzing module design_1_microblaze_0_1_MB_SRL16E__parameterized1_24
INFO: [VRFC 10-311] analyzing module design_1_microblaze_0_1_MB_SRL16E__parameterized3
INFO: [VRFC 10-311] analyzing module design_1_microblaze_0_1_MB_SRL16E__parameterized3_21
INFO: [VRFC 10-311] analyzing module design_1_microblaze_0_1_MB_SRL16E__parameterized5
INFO: [VRFC 10-311] analyzing module design_1_microblaze_0_1_MB_SRL16E__parameterized5_22
INFO: [VRFC 10-311] analyzing module design_1_microblaze_0_1_MB_SRL16E__parameterized7
INFO: [VRFC 10-311] analyzing module design_1_microblaze_0_1_MB_SRL16E__parameterized9
INFO: [VRFC 10-311] analyzing module design_1_microblaze_0_1_MB_SRLC16E
INFO: [VRFC 10-311] analyzing module design_1_microblaze_0_1_MB_SRLC16E_33
INFO: [VRFC 10-311] analyzing module design_1_microblaze_0_1_MB_SRLC16E_35
INFO: [VRFC 10-311] analyzing module design_1_microblaze_0_1_MB_SRLC16E_37
INFO: [VRFC 10-311] analyzing module design_1_microblaze_0_1_MB_SRLC16E_39
INFO: [VRFC 10-311] analyzing module design_1_microblaze_0_1_MB_SRLC16E_41
INFO: [VRFC 10-311] analyzing module design_1_microblaze_0_1_MB_SRLC16E_43
INFO: [VRFC 10-311] analyzing module design_1_microblaze_0_1_MB_SRLC16E_45
INFO: [VRFC 10-311] analyzing module design_1_microblaze_0_1_MicroBlaze
INFO: [VRFC 10-311] analyzing module design_1_microblaze_0_1_MicroBlaze_Core
INFO: [VRFC 10-311] analyzing module design_1_microblaze_0_1_MicroBlaze_GTi
INFO: [VRFC 10-311] analyzing module design_1_microblaze_0_1_Operand_Select_gti
INFO: [VRFC 10-311] analyzing module design_1_microblaze_0_1_PC_Module_gti
INFO: [VRFC 10-311] analyzing module design_1_microblaze_0_1_PreFetch_Buffer_gti
INFO: [VRFC 10-311] analyzing module design_1_microblaze_0_1_Register_File_gti
INFO: [VRFC 10-311] analyzing module design_1_microblaze_0_1_Shift_Logic_Module_gti
INFO: [VRFC 10-311] analyzing module design_1_microblaze_0_1_Zero_Detect_gti
INFO: [VRFC 10-311] analyzing module design_1_microblaze_0_1_address_hit
INFO: [VRFC 10-311] analyzing module design_1_microblaze_0_1_carry_and
INFO: [VRFC 10-311] analyzing module design_1_microblaze_0_1_carry_and_58
INFO: [VRFC 10-311] analyzing module design_1_microblaze_0_1_carry_and_59
INFO: [VRFC 10-311] analyzing module design_1_microblaze_0_1_carry_and_60
INFO: [VRFC 10-311] analyzing module design_1_microblaze_0_1_carry_and_61
INFO: [VRFC 10-311] analyzing module design_1_microblaze_0_1_carry_and_62
INFO: [VRFC 10-311] analyzing module design_1_microblaze_0_1_carry_and_63
INFO: [VRFC 10-311] analyzing module design_1_microblaze_0_1_carry_and_64
INFO: [VRFC 10-311] analyzing module design_1_microblaze_0_1_carry_and_65
INFO: [VRFC 10-311] analyzing module design_1_microblaze_0_1_carry_and_66
INFO: [VRFC 10-311] analyzing module design_1_microblaze_0_1_carry_and_67
INFO: [VRFC 10-311] analyzing module design_1_microblaze_0_1_carry_and_87
INFO: [VRFC 10-311] analyzing module design_1_microblaze_0_1_carry_and_88
INFO: [VRFC 10-311] analyzing module design_1_microblaze_0_1_carry_and_89
INFO: [VRFC 10-311] analyzing module design_1_microblaze_0_1_carry_and_90
INFO: [VRFC 10-311] analyzing module design_1_microblaze_0_1_carry_or
INFO: [VRFC 10-311] analyzing module design_1_microblaze_0_1_carry_or_91
INFO: [VRFC 10-311] analyzing module design_1_microblaze_0_1_exception_registers_gti
INFO: [VRFC 10-311] analyzing module design_1_microblaze_0_1_instr_mux
INFO: [VRFC 10-311] analyzing module design_1_microblaze_0_1_jump_logic
INFO: [VRFC 10-311] analyzing module design_1_microblaze_0_1_mb_sync_bit
INFO: [VRFC 10-311] analyzing module design_1_microblaze_0_1_mb_sync_bit_0
INFO: [VRFC 10-311] analyzing module design_1_microblaze_0_1_mb_sync_bit_1
INFO: [VRFC 10-311] analyzing module design_1_microblaze_0_1_mb_sync_bit_47
INFO: [VRFC 10-311] analyzing module design_1_microblaze_0_1_mb_sync_bit_48
INFO: [VRFC 10-311] analyzing module design_1_microblaze_0_1_mb_sync_bit_49
INFO: [VRFC 10-311] analyzing module design_1_microblaze_0_1_mb_sync_bit_50
INFO: [VRFC 10-311] analyzing module design_1_microblaze_0_1_mb_sync_bit_51
INFO: [VRFC 10-311] analyzing module design_1_microblaze_0_1_mb_sync_bit_52
INFO: [VRFC 10-311] analyzing module design_1_microblaze_0_1_mb_sync_bit_53
INFO: [VRFC 10-311] analyzing module design_1_microblaze_0_1_mb_sync_bit_54
INFO: [VRFC 10-311] analyzing module design_1_microblaze_0_1_mb_sync_bit_55
INFO: [VRFC 10-311] analyzing module design_1_microblaze_0_1_mb_sync_bit_56
INFO: [VRFC 10-311] analyzing module design_1_microblaze_0_1_mb_sync_bit__parameterized2
INFO: [VRFC 10-311] analyzing module design_1_microblaze_0_1_mb_sync_bit__parameterized2_25
INFO: [VRFC 10-311] analyzing module design_1_microblaze_0_1_mb_sync_bit__parameterized2_26
INFO: [VRFC 10-311] analyzing module design_1_microblaze_0_1_mb_sync_bit__parameterized2_27
INFO: [VRFC 10-311] analyzing module design_1_microblaze_0_1_mb_sync_bit__parameterized2_28
INFO: [VRFC 10-311] analyzing module design_1_microblaze_0_1_mb_sync_bit__parameterized2_57
INFO: [VRFC 10-311] analyzing module design_1_microblaze_0_1_mb_sync_bit__parameterized4
INFO: [VRFC 10-311] analyzing module design_1_microblaze_0_1_mb_sync_bit__parameterized4_29
INFO: [VRFC 10-311] analyzing module design_1_microblaze_0_1_mb_sync_bit__parameterized4_30
INFO: [VRFC 10-311] analyzing module design_1_microblaze_0_1_mb_sync_vec
INFO: [VRFC 10-311] analyzing module design_1_microblaze_0_1_mb_sync_vec__parameterized1
INFO: [VRFC 10-311] analyzing module design_1_microblaze_0_1_msr_reg_gti
INFO: [VRFC 10-311] analyzing module design_1_microblaze_0_1_mux_bus
INFO: [VRFC 10-311] analyzing module glbl
INFO: [VRFC 10-2263] Analyzing Verilog file "C:/Users/Anthony/Documents/ECE532/servo/servo.ip_user_files/bd/design_1/ip/design_1_mdm_1_1/design_1_mdm_1_1_sim_netlist.v" into library xil_defaultlib
INFO: [VRFC 10-311] analyzing module design_1_mdm_1_1
INFO: [VRFC 10-311] analyzing module design_1_mdm_1_1_JTAG_CONTROL
INFO: [VRFC 10-311] analyzing module design_1_mdm_1_1_MB_BSCANE2
INFO: [VRFC 10-311] analyzing module design_1_mdm_1_1_MB_BUFG
INFO: [VRFC 10-311] analyzing module design_1_mdm_1_1_MB_FDC_1
INFO: [VRFC 10-311] analyzing module design_1_mdm_1_1_MB_FDRE_1
INFO: [VRFC 10-311] analyzing module design_1_mdm_1_1_MB_SRL16E
INFO: [VRFC 10-311] analyzing module design_1_mdm_1_1_MB_SRL16E__parameterized1
INFO: [VRFC 10-311] analyzing module design_1_mdm_1_1_MB_SRL16E__parameterized3
INFO: [VRFC 10-311] analyzing module design_1_mdm_1_1_MB_SRL16E__parameterized5
INFO: [VRFC 10-311] analyzing module design_1_mdm_1_1_MDM
INFO: [VRFC 10-311] analyzing module design_1_mdm_1_1_MDM_Core
INFO: [VRFC 10-311] analyzing module glbl
WARNING: [VRFC 10-1195] overwriting previous definition of module glbl [C:/Users/Anthony/Documents/ECE532/servo/servo.ip_user_files/bd/design_1/ip/design_1_mdm_1_1/design_1_mdm_1_1_sim_netlist.v:13992]
INFO: [VRFC 10-2263] Analyzing Verilog file "C:/Users/Anthony/Documents/ECE532/servo/servo.ip_user_files/bd/design_1/ip/design_1_clk_wiz_1_1/design_1_clk_wiz_1_1_sim_netlist.v" into library xil_defaultlib
INFO: [VRFC 10-311] analyzing module design_1_clk_wiz_1_1
INFO: [VRFC 10-311] analyzing module design_1_clk_wiz_1_1_design_1_clk_wiz_1_1_clk_wiz
INFO: [VRFC 10-311] analyzing module glbl
WARNING: [VRFC 10-1195] overwriting previous definition of module glbl [C:/Users/Anthony/Documents/ECE532/servo/servo.ip_user_files/bd/design_1/ip/design_1_clk_wiz_1_1/design_1_clk_wiz_1_1_sim_netlist.v:186]
INFO: [VRFC 10-2263] Analyzing Verilog file "C:/Users/Anthony/Documents/ECE532/servo/servo.ip_user_files/bd/design_1/ip/design_1_rst_clk_wiz_1_100M_1/design_1_rst_clk_wiz_1_100M_1_sim_netlist.v" into library xil_defaultlib
INFO: [VRFC 10-311] analyzing module design_1_rst_clk_wiz_1_100M_1
INFO: [VRFC 10-311] analyzing module design_1_rst_clk_wiz_1_100M_1_cdc_sync
INFO: [VRFC 10-311] analyzing module design_1_rst_clk_wiz_1_100M_1_cdc_sync_0
INFO: [VRFC 10-311] analyzing module design_1_rst_clk_wiz_1_100M_1_lpf
INFO: [VRFC 10-311] analyzing module design_1_rst_clk_wiz_1_100M_1_proc_sys_reset
INFO: [VRFC 10-311] analyzing module design_1_rst_clk_wiz_1_100M_1_sequence_psr
INFO: [VRFC 10-311] analyzing module design_1_rst_clk_wiz_1_100M_1_upcnt_n
INFO: [VRFC 10-311] analyzing module glbl
WARNING: [VRFC 10-1195] overwriting previous definition of module glbl [C:/Users/Anthony/Documents/ECE532/servo/servo.ip_user_files/bd/design_1/ip/design_1_rst_clk_wiz_1_100M_1/design_1_rst_clk_wiz_1_100M_1_sim_netlist.v:870]
INFO: [VRFC 10-2263] Analyzing Verilog file "C:/Users/Anthony/Documents/ECE532/servo/servo.ip_user_files/bd/design_1/ipshared/812e/hdl/srervo_ip_v1_0_S00_AXI.v" into library xil_defaultlib
INFO: [VRFC 10-311] analyzing module srervo_ip_v1_0_S00_AXI
INFO: [VRFC 10-2263] Analyzing Verilog file "C:/Users/Anthony/Documents/ECE532/servo/servo.ip_user_files/bd/design_1/ipshared/812e/hdl/srervo_ip_v1_0.v" into library xil_defaultlib
INFO: [VRFC 10-311] analyzing module srervo_ip_v1_0
INFO: [VRFC 10-2263] Analyzing Verilog file "C:/Users/Anthony/Documents/ECE532/servo/servo.ip_user_files/bd/design_1/ip/design_1_servo_ip_0_1/sim/design_1_servo_ip_0_1.v" into library xil_defaultlib
INFO: [VRFC 10-311] analyzing module design_1_servo_ip_0_1
INFO: [VRFC 10-2263] Analyzing Verilog file "C:/Users/Anthony/Documents/ECE532/servo/servo.ip_user_files/bd/design_1/ip/design_1_dlmb_v10_1/design_1_dlmb_v10_1_sim_netlist.v" into library xil_defaultlib
INFO: [VRFC 10-311] analyzing module design_1_dlmb_v10_1
INFO: [VRFC 10-311] analyzing module design_1_dlmb_v10_1_lmb_v10
INFO: [VRFC 10-311] analyzing module glbl
WARNING: [VRFC 10-1195] overwriting previous definition of module glbl [C:/Users/Anthony/Documents/ECE532/servo/servo.ip_user_files/bd/design_1/ip/design_1_dlmb_v10_1/design_1_dlmb_v10_1_sim_netlist.v:222]
INFO: [VRFC 10-2263] Analyzing Verilog file "C:/Users/Anthony/Documents/ECE532/servo/servo.ip_user_files/bd/design_1/ip/design_1_ilmb_v10_1/design_1_ilmb_v10_1_sim_netlist.v" into library xil_defaultlib
INFO: [VRFC 10-311] analyzing module design_1_ilmb_v10_1
INFO: [VRFC 10-311] analyzing module design_1_ilmb_v10_1_lmb_v10
INFO: [VRFC 10-311] analyzing module glbl
WARNING: [VRFC 10-1195] overwriting previous definition of module glbl [C:/Users/Anthony/Documents/ECE532/servo/servo.ip_user_files/bd/design_1/ip/design_1_ilmb_v10_1/design_1_ilmb_v10_1_sim_netlist.v:222]
INFO: [VRFC 10-2263] Analyzing Verilog file "C:/Users/Anthony/Documents/ECE532/servo/servo.ip_user_files/bd/design_1/ip/design_1_dlmb_bram_if_cntlr_1/design_1_dlmb_bram_if_cntlr_1_sim_netlist.v" into library xil_defaultlib
INFO: [VRFC 10-311] analyzing module design_1_dlmb_bram_if_cntlr_1
INFO: [VRFC 10-311] analyzing module design_1_dlmb_bram_if_cntlr_1_lmb_bram_if_cntlr
INFO: [VRFC 10-311] analyzing module glbl
WARNING: [VRFC 10-1195] overwriting previous definition of module glbl [C:/Users/Anthony/Documents/ECE532/servo/servo.ip_user_files/bd/design_1/ip/design_1_dlmb_bram_if_cntlr_1/design_1_dlmb_bram_if_cntlr_1_sim_netlist.v:618]
INFO: [VRFC 10-2263] Analyzing Verilog file "C:/Users/Anthony/Documents/ECE532/servo/servo.ip_user_files/bd/design_1/ip/design_1_ilmb_bram_if_cntlr_1/design_1_ilmb_bram_if_cntlr_1_sim_netlist.v" into library xil_defaultlib
INFO: [VRFC 10-311] analyzing module design_1_ilmb_bram_if_cntlr_1
INFO: [VRFC 10-311] analyzing module design_1_ilmb_bram_if_cntlr_1_lmb_bram_if_cntlr
INFO: [VRFC 10-311] analyzing module glbl
WARNING: [VRFC 10-1195] overwriting previous definition of module glbl [C:/Users/Anthony/Documents/ECE532/servo/servo.ip_user_files/bd/design_1/ip/design_1_ilmb_bram_if_cntlr_1/design_1_ilmb_bram_if_cntlr_1_sim_netlist.v:613]
INFO: [VRFC 10-2263] Analyzing Verilog file "C:/Users/Anthony/Documents/ECE532/servo/servo.ip_user_files/bd/design_1/ip/design_1_lmb_bram_1/design_1_lmb_bram_1_sim_netlist.v" into library xil_defaultlib
INFO: [VRFC 10-311] analyzing module design_1_lmb_bram_1
INFO: [VRFC 10-311] analyzing module design_1_lmb_bram_1_blk_mem_gen_generic_cstr
INFO: [VRFC 10-311] analyzing module design_1_lmb_bram_1_blk_mem_gen_prim_width
INFO: [VRFC 10-311] analyzing module design_1_lmb_bram_1_blk_mem_gen_prim_width__parameterized0
INFO: [VRFC 10-311] analyzing module design_1_lmb_bram_1_blk_mem_gen_prim_wrapper
INFO: [VRFC 10-311] analyzing module design_1_lmb_bram_1_blk_mem_gen_prim_wrapper__parameterized0
INFO: [VRFC 10-311] analyzing module design_1_lmb_bram_1_blk_mem_gen_top
INFO: [VRFC 10-311] analyzing module design_1_lmb_bram_1_blk_mem_gen_v8_3_6
INFO: [VRFC 10-311] analyzing module design_1_lmb_bram_1_blk_mem_gen_v8_3_6_synth
INFO: [VRFC 10-311] analyzing module glbl
WARNING: [VRFC 10-1195] overwriting previous definition of module glbl [C:/Users/Anthony/Documents/ECE532/servo/servo.ip_user_files/bd/design_1/ip/design_1_lmb_bram_1/design_1_lmb_bram_1_sim_netlist.v:1408]
INFO: [VRFC 10-2263] Analyzing Verilog file "C:/Users/Anthony/Documents/ECE532/servo/servo.srcs/sources_1/bd/design_1/hdl/design_1_wrapper.v" into library xil_defaultlib
INFO: [VRFC 10-311] analyzing module design_1_wrapper
INFO: [VRFC 10-2263] Analyzing Verilog file "C:/Users/Anthony/Documents/ECE532/servo/servo.srcs/sim_1/new/tb.v" into library xil_defaultlib
INFO: [VRFC 10-311] analyzing module tb
INFO: [VRFC 10-2263] Analyzing Verilog file "C:/Users/Anthony/Documents/ECE532/servo/servo.sim/sim_1/behav/glbl.v" into library xil_defaultlib
INFO: [VRFC 10-311] analyzing module glbl
WARNING: [VRFC 10-1195] overwriting previous definition of module glbl [C:/Users/Anthony/Documents/ECE532/servo/servo.sim/sim_1/behav/glbl.v:6]
