Copyright 1986-2017 Xilinx, Inc. All Rights Reserved.
---------------------------------------------------------------------------------------------
| Tool Version : Vivado v.2017.2 (win64) Build 1909853 Thu Jun 15 18:39:09 MDT 2017
| Date         : Mon Mar 26 13:47:34 2018
| Host         : Anthony running 64-bit major release  (build 9200)
| Command      : report_control_sets -verbose -file design_1_wrapper_control_sets_placed.rpt
| Design       : design_1_wrapper
| Device       : xc7a100t
---------------------------------------------------------------------------------------------

Control Set Information

Table of Contents
-----------------
1. Summary
2. Flip-Flop Distribution
3. Detailed Control Set Information

1. Summary
----------

+----------------------------------------------------------+-------+
|                          Status                          | Count |
+----------------------------------------------------------+-------+
| Number of unique control sets                            |    67 |
| Unused register locations in slices containing registers |   165 |
+----------------------------------------------------------+-------+


2. Flip-Flop Distribution
-------------------------

+--------------+-----------------------+------------------------+-----------------+--------------+
| Clock Enable | Synchronous Set/Reset | Asynchronous Set/Reset | Total Registers | Total Slices |
+--------------+-----------------------+------------------------+-----------------+--------------+
| No           | No                    | No                     |             137 |           53 |
| No           | No                    | Yes                    |              29 |            8 |
| No           | Yes                   | No                     |             254 |           93 |
| Yes          | No                    | No                     |             168 |           44 |
| Yes          | No                    | Yes                    |              15 |            8 |
| Yes          | Yes                   | No                     |             680 |          219 |
+--------------+-----------------------+------------------------+-----------------+--------------+


3. Detailed Control Set Information
-----------------------------------

+-------------------------------------------------------------+---------------------------------------------------------------------------------------------------------------------------------------------------------------------------------------------------------+------------------------------------------------------------------------------------------------------------------------------------------------------+------------------+----------------+
|                         Clock Signal                        |                                                                                              Enable Signal                                                                                              |                                                                   Set/Reset Signal                                                                   | Slice Load Count | Bel Load Count |
+-------------------------------------------------------------+---------------------------------------------------------------------------------------------------------------------------------------------------------------------------------------------------------+------------------------------------------------------------------------------------------------------------------------------------------------------+------------------+----------------+
|  design_1_i/mdm_1/U0/Use_E2.BSCAN_I/Ext_JTAG_UPDATE         | design_1_i/microblaze_0/U0/MicroBlaze_Core_I/Performance.Core/Use_Debug_Logic.Master_Core.Debug_Perf/Control_Reg_En                                                                                     | design_1_i/microblaze_0/U0/MicroBlaze_Core_I/Performance.Core/Use_Debug_Logic.Master_Core.Debug_Perf/Performace_Debug_Control.force_stop_cmd_1_reg_0 |                1 |              1 |
|  design_1_i/clk_wiz_1/inst/clk_out1                         |                                                                                                                                                                                                         | design_1_i/microblaze_0/U0/MicroBlaze_Core_I/Performance.Core/Use_Debug_Logic.Master_Core.Debug_Perf/capture_1                                       |                1 |              1 |
|  design_1_i/clk_wiz_1/inst/clk_out1                         |                                                                                                                                                                                                         | design_1_i/microblaze_0/U0/MicroBlaze_Core_I/Performance.Core/Decode_I/dbg_stop_i                                                                    |                1 |              1 |
|  design_1_i/mdm_1/U0/No_Dbg_Reg_Access.BUFG_DRCK/Dbg_Clk_31 | design_1_i/mdm_1/U0/Use_E2.BSCAN_I/Dbg_Capture_0                                                                                                                                                        | design_1_i/mdm_1/U0/MDM_Core_I1/JTAG_CONTROL_I/sel_reset                                                                                             |                1 |              1 |
|  design_1_i/clk_wiz_1/inst/clk_out1                         | design_1_i/microblaze_0/U0/MicroBlaze_Core_I/Performance.Core/Decode_I/Use_MuxCy[10].OF_Piperun_Stage/MUXCY_I/lopt_1                                                                                    |                                                                                                                                                      |                1 |              1 |
| ~design_1_i/mdm_1/U0/Use_E2.BSCAN_I/Ext_JTAG_UPDATE         |                                                                                                                                                                                                         | design_1_i/mdm_1/U0/MDM_Core_I1/JTAG_CONTROL_I/sel_n                                                                                                 |                1 |              1 |
| ~design_1_i/mdm_1/U0/No_Dbg_Reg_Access.BUFG_DRCK/Dbg_Clk_31 | design_1_i/mdm_1/U0/MDM_Core_I1/JTAG_CONTROL_I/Use_BSCAN.FDC_I/CE                                                                                                                                       | design_1_i/mdm_1/U0/MDM_Core_I1/JTAG_CONTROL_I/Use_BSCAN.FDC_I/D_1                                                                                   |                1 |              1 |
|  design_1_i/mdm_1/U0/Use_E2.BSCAN_I/Ext_JTAG_UPDATE         | design_1_i/microblaze_0/U0/MicroBlaze_Core_I/Performance.Core/Use_Debug_Logic.Master_Core.Debug_Perf/Control_Reg_En                                                                                     | design_1_i/microblaze_0/U0/MicroBlaze_Core_I/Performance.Core/Use_Debug_Logic.Master_Core.Debug_Perf/start_single_step_reg_n_0                       |                1 |              1 |
|  design_1_i/mdm_1/U0/Use_E2.BSCAN_I/Ext_JTAG_UPDATE         | design_1_i/microblaze_0/U0/MicroBlaze_Core_I/Performance.Core/Use_Debug_Logic.Master_Core.Debug_Perf/Control_Reg_En                                                                                     | design_1_i/microblaze_0/U0/MicroBlaze_Core_I/Performance.Core/Use_Debug_Logic.Master_Core.Debug_Perf/Serial_Dbg_Intf.normal_stop_cmd_i_reg_n_0       |                1 |              1 |
|  design_1_i/mdm_1/U0/Use_E2.BSCAN_I/Ext_JTAG_UPDATE         | design_1_i/microblaze_0/U0/MicroBlaze_Core_I/Performance.Core/Use_Debug_Logic.Master_Core.Debug_Perf/Control_Reg_En                                                                                     | design_1_i/microblaze_0/U0/MicroBlaze_Core_I/Performance.Core/Use_Debug_Logic.Master_Core.Debug_Perf/Serial_Dbg_Intf.continue_from_brk_reg_n_0       |                1 |              1 |
|  design_1_i/mdm_1/U0/Use_E2.BSCAN_I/Ext_JTAG_UPDATE         | design_1_i/microblaze_0/U0/MicroBlaze_Core_I/Performance.Core/Use_Debug_Logic.Master_Core.Debug_Perf/Command_Reg_En                                                                                     | design_1_i/microblaze_0/U0/MicroBlaze_Core_I/Performance.Core/Use_Debug_Logic.Master_Core.Debug_Perf/command_reg_clear                               |                1 |              2 |
|  design_1_i/mdm_1/U0/Use_E2.BSCAN_I/Ext_JTAG_UPDATE         |                                                                                                                                                                                                         |                                                                                                                                                      |                1 |              3 |
|  design_1_i/mdm_1/U0/Use_E2.BSCAN_I/Ext_JTAG_UPDATE         | design_1_i/microblaze_0/U0/MicroBlaze_Core_I/Performance.Core/Use_Debug_Logic.Master_Core.Debug_Perf/Control_Reg_En                                                                                     |                                                                                                                                                      |                3 |              4 |
|  design_1_i/mdm_1/U0/No_Dbg_Reg_Access.BUFG_DRCK/Dbg_Clk_31 | design_1_i/mdm_1/U0/MDM_Core_I1/p_0_out                                                                                                                                                                 | design_1_i/mdm_1/U0/Use_E2.BSCAN_I/AR[0]                                                                                                             |                1 |              4 |
| ~design_1_i/mdm_1/U0/Use_E2.BSCAN_I/Ext_JTAG_UPDATE         |                                                                                                                                                                                                         | design_1_i/mdm_1/U0/Use_E2.BSCAN_I/AR[0]                                                                                                             |                1 |              4 |
|  design_1_i/mdm_1/U0/Use_E2.BSCAN_I/Ext_JTAG_UPDATE         | design_1_i/mdm_1/U0/MDM_Core_I1/MDM_SEL                                                                                                                                                                 | design_1_i/mdm_1/U0/Use_E2.BSCAN_I/AR[0]                                                                                                             |                1 |              4 |
|  design_1_i/clk_wiz_1/inst/clk_out1                         |                                                                                                                                                                                                         | design_1_i/rst_clk_wiz_1_100M/U0/EXT_LPF/lpf_int                                                                                                     |                2 |              5 |
|  design_1_i/clk_wiz_1/inst/clk_out1                         | design_1_i/microblaze_0/U0/MicroBlaze_Core_I/Performance.Core/Decode_I/wb_Halted                                                                                                                        | design_1_i/microblaze_0/U0/MicroBlaze_Core_I/sync_reset                                                                                              |                2 |              5 |
|  design_1_i/mdm_1/U0/No_Dbg_Reg_Access.BUFG_DRCK/Dbg_Clk_31 | design_1_i/mdm_1/U0/MDM_Core_I1/JTAG_CONTROL_I/Use_BSCAN.FDC_I/Use_Serial_Unified_Completion.sample_1_reg[10][0]                                                                                        |                                                                                                                                                      |                1 |              6 |
|  design_1_i/mdm_1/U0/No_Dbg_Reg_Access.BUFG_DRCK/Dbg_Clk_31 | design_1_i/mdm_1/U0/Use_E2.BSCAN_I/E[0]                                                                                                                                                                 |                                                                                                                                                      |                2 |              6 |
|  design_1_i/mdm_1/U0/No_Dbg_Reg_Access.BUFG_DRCK/Dbg_Clk_31 | design_1_i/mdm_1/U0/Use_E2.BSCAN_I/Use_Serial_Unified_Completion.count_reg[5]_0[0]                                                                                                                      |                                                                                                                                                      |                3 |              6 |
|  design_1_i/clk_wiz_1/inst/clk_out1                         | design_1_i/rst_clk_wiz_1_100M/U0/SEQ/seq_cnt_en                                                                                                                                                         | design_1_i/rst_clk_wiz_1_100M/U0/SEQ/SEQ_COUNTER/clear                                                                                               |                1 |              6 |
|  design_1_i/mdm_1/U0/No_Dbg_Reg_Access.BUFG_DRCK/Dbg_Clk_31 | design_1_i/microblaze_0/U0/MicroBlaze_Core_I/Performance.Core/Use_Debug_Logic.Master_Core.Debug_Perf/Using_PC_Breakpoints.All_PC_Brks[0].Serial_Interface_1.address_hit_I/Compare[0].SRLC16E_I/which_pc |                                                                                                                                                      |                7 |              8 |
|  design_1_i/mdm_1/U0/No_Dbg_Reg_Access.BUFG_DRCK/Dbg_Clk_31 | design_1_i/mdm_1/U0/MDM_Core_I1/JTAG_CONTROL_I/tdi_shifter0                                                                                                                                             |                                                                                                                                                      |                1 |              8 |
|  design_1_i/clk_wiz_1/inst/clk_out1                         | design_1_i/servo_ip_0/inst/srervo_ip_v1_0_S00_AXI_inst/slv_reg1[23]_i_1_n_0                                                                                                                             | design_1_i/servo_ip_0/inst/srervo_ip_v1_0_S00_AXI_inst/axi_awready_i_1_n_0                                                                           |                1 |              8 |
|  design_1_i/clk_wiz_1/inst/clk_out1                         | design_1_i/servo_ip_0/inst/srervo_ip_v1_0_S00_AXI_inst/p_1_in[15]                                                                                                                                       | design_1_i/servo_ip_0/inst/srervo_ip_v1_0_S00_AXI_inst/axi_awready_i_1_n_0                                                                           |                2 |              8 |
|  design_1_i/clk_wiz_1/inst/clk_out1                         | design_1_i/servo_ip_0/inst/srervo_ip_v1_0_S00_AXI_inst/p_1_in[31]                                                                                                                                       | design_1_i/servo_ip_0/inst/srervo_ip_v1_0_S00_AXI_inst/axi_awready_i_1_n_0                                                                           |                2 |              8 |
|  design_1_i/clk_wiz_1/inst/clk_out1                         | design_1_i/servo_ip_0/inst/srervo_ip_v1_0_S00_AXI_inst/p_1_in[1]                                                                                                                                        | design_1_i/servo_ip_0/inst/srervo_ip_v1_0_S00_AXI_inst/axi_awready_i_1_n_0                                                                           |                3 |              8 |
|  design_1_i/clk_wiz_1/inst/clk_out1                         | design_1_i/servo_ip_0/inst/srervo_ip_v1_0_S00_AXI_inst/p_1_in[23]                                                                                                                                       | design_1_i/servo_ip_0/inst/srervo_ip_v1_0_S00_AXI_inst/axi_awready_i_1_n_0                                                                           |                1 |              8 |
|  design_1_i/clk_wiz_1/inst/clk_out1                         | design_1_i/servo_ip_0/inst/srervo_ip_v1_0_S00_AXI_inst/slv_reg1[31]_i_1_n_0                                                                                                                             | design_1_i/servo_ip_0/inst/srervo_ip_v1_0_S00_AXI_inst/axi_awready_i_1_n_0                                                                           |                2 |              8 |
|  design_1_i/clk_wiz_1/inst/clk_out1                         | design_1_i/servo_ip_0/inst/srervo_ip_v1_0_S00_AXI_inst/slv_reg3[15]_i_1_n_0                                                                                                                             | design_1_i/servo_ip_0/inst/srervo_ip_v1_0_S00_AXI_inst/axi_awready_i_1_n_0                                                                           |                1 |              8 |
|  design_1_i/clk_wiz_1/inst/clk_out1                         | design_1_i/servo_ip_0/inst/srervo_ip_v1_0_S00_AXI_inst/slv_reg1[15]_i_1_n_0                                                                                                                             | design_1_i/servo_ip_0/inst/srervo_ip_v1_0_S00_AXI_inst/axi_awready_i_1_n_0                                                                           |                3 |              8 |
|  design_1_i/clk_wiz_1/inst/clk_out1                         | design_1_i/servo_ip_0/inst/srervo_ip_v1_0_S00_AXI_inst/slv_reg3[7]_i_1_n_0                                                                                                                              | design_1_i/servo_ip_0/inst/srervo_ip_v1_0_S00_AXI_inst/axi_awready_i_1_n_0                                                                           |                1 |              8 |
|  design_1_i/mdm_1/U0/Use_E2.BSCAN_I/Ext_JTAG_UPDATE         | design_1_i/mdm_1/U0/MDM_Core_I1/JTAG_CONTROL_I/Use_BSCAN.FDC_I/command_1_reg[7]_0[0]                                                                                                                    |                                                                                                                                                      |                1 |              8 |
|  design_1_i/clk_wiz_1/inst/clk_out1                         | design_1_i/servo_ip_0/inst/srervo_ip_v1_0_S00_AXI_inst/slv_reg2[15]_i_1_n_0                                                                                                                             | design_1_i/servo_ip_0/inst/srervo_ip_v1_0_S00_AXI_inst/axi_awready_i_1_n_0                                                                           |                2 |              8 |
|  design_1_i/clk_wiz_1/inst/clk_out1                         | design_1_i/servo_ip_0/inst/srervo_ip_v1_0_S00_AXI_inst/slv_reg2[23]_i_1_n_0                                                                                                                             | design_1_i/servo_ip_0/inst/srervo_ip_v1_0_S00_AXI_inst/axi_awready_i_1_n_0                                                                           |                1 |              8 |
|  design_1_i/clk_wiz_1/inst/clk_out1                         | design_1_i/servo_ip_0/inst/srervo_ip_v1_0_S00_AXI_inst/slv_reg3[31]_i_1_n_0                                                                                                                             | design_1_i/servo_ip_0/inst/srervo_ip_v1_0_S00_AXI_inst/axi_awready_i_1_n_0                                                                           |                1 |              8 |
|  design_1_i/clk_wiz_1/inst/clk_out1                         | design_1_i/servo_ip_0/inst/srervo_ip_v1_0_S00_AXI_inst/slv_reg1[7]_i_1_n_0                                                                                                                              | design_1_i/servo_ip_0/inst/srervo_ip_v1_0_S00_AXI_inst/axi_awready_i_1_n_0                                                                           |                2 |              8 |
|  design_1_i/clk_wiz_1/inst/clk_out1                         | design_1_i/servo_ip_0/inst/srervo_ip_v1_0_S00_AXI_inst/slv_reg2[31]_i_1_n_0                                                                                                                             | design_1_i/servo_ip_0/inst/srervo_ip_v1_0_S00_AXI_inst/axi_awready_i_1_n_0                                                                           |                1 |              8 |
|  design_1_i/clk_wiz_1/inst/clk_out1                         | design_1_i/servo_ip_0/inst/srervo_ip_v1_0_S00_AXI_inst/slv_reg2[7]_i_1_n_0                                                                                                                              | design_1_i/servo_ip_0/inst/srervo_ip_v1_0_S00_AXI_inst/axi_awready_i_1_n_0                                                                           |                2 |              8 |
|  design_1_i/clk_wiz_1/inst/clk_out1                         | design_1_i/servo_ip_0/inst/srervo_ip_v1_0_S00_AXI_inst/slv_reg3[23]_i_1_n_0                                                                                                                             | design_1_i/servo_ip_0/inst/srervo_ip_v1_0_S00_AXI_inst/axi_awready_i_1_n_0                                                                           |                2 |              8 |
| ~design_1_i/mdm_1/U0/Use_E2.BSCAN_I/Ext_JTAG_UPDATE         | design_1_i/mdm_1/U0/MDM_Core_I1/JTAG_CONTROL_I/Use_BSCAN.command[0]_i_1_n_0                                                                                                                             |                                                                                                                                                      |                2 |              8 |
|  design_1_i/clk_wiz_1/inst/clk_out1                         |                                                                                                                                                                                                         | design_1_i/servo_ip_0/inst/srervo_ip_v1_0_S00_AXI_inst/axi_awready_i_1_n_0                                                                           |                3 |             10 |
|  design_1_i/mdm_1/U0/No_Dbg_Reg_Access.BUFG_DRCK/Dbg_Clk_31 | design_1_i/mdm_1/U0/MDM_Core_I1/JTAG_CONTROL_I/Use_BSCAN.FDC_I/E[0]                                                                                                                                     |                                                                                                                                                      |                4 |             10 |
|  design_1_i/clk_wiz_1/inst/clk_out1                         | design_1_i/microblaze_0/U0/MicroBlaze_Core_I/Performance.Core/Decode_I/PreFetch_Buffer_I1/Instruction_Prefetch_Mux[3].Gen_Instr_DFF/E[0]                                                                | design_1_i/microblaze_0/U0/MicroBlaze_Core_I/sync_reset                                                                                              |                8 |             16 |
|  design_1_i/clk_wiz_1/inst/clk_out1                         | design_1_i/microblaze_0/U0/MicroBlaze_Core_I/Performance.Core/mem_databus_ready_sel_carry_or/MUXCY_I/lopt_4                                                                                             | design_1_i/microblaze_0/U0/MicroBlaze_Core_I/sync_reset                                                                                              |                8 |             20 |
|  design_1_i/mdm_1/U0/No_Dbg_Reg_Access.BUFG_DRCK/Dbg_Clk_31 |                                                                                                                                                                                                         | design_1_i/mdm_1/U0/Use_E2.BSCAN_I/shift_n_reset                                                                                                     |                5 |             23 |
|  design_1_i/clk_wiz_1/inst/clk_out1                         |                                                                                                                                                                                                         | design_1_i/microblaze_0/U0/MicroBlaze_Core_I/Performance.Core/p_1_out                                                                                |                7 |             32 |
|  design_1_i/clk_wiz_1/inst/clk_out1                         | design_1_i/microblaze_0/U0/MicroBlaze_Core_I/Performance.Core/mem_databus_ready_sel_carry_or/MUXCY_I/lopt_4                                                                                             | design_1_i/microblaze_0/U0/MicroBlaze_Core_I/Performance.Core/Decode_I/SR[0]                                                                         |                9 |             32 |
|  design_1_i/clk_wiz_1/inst/clk_out1                         | design_1_i/microblaze_0/U0/MicroBlaze_Core_I/Performance.Core/mem_databus_ready_sel_carry_or/MUXCY_I/lopt_4                                                                                             |                                                                                                                                                      |                6 |             32 |
|  design_1_i/clk_wiz_1/inst/clk_out1                         | design_1_i/microblaze_0/U0/MicroBlaze_Core_I/Performance.Core/Decode_I/jump_logic_I1/MUXCY_JUMP_CARRY6/if_pc_reg[0][0]                                                                                  | design_1_i/microblaze_0/U0/MicroBlaze_Core_I/sync_reset                                                                                              |                9 |             32 |
|  design_1_i/clk_wiz_1/inst/clk_out1                         | design_1_i/microblaze_0/U0/MicroBlaze_Core_I/Performance.Core/Decode_I/Use_MuxCy[3].OF_Piperun_Stage/MUXCY_I/E[0]                                                                                       | design_1_i/microblaze_0/U0/MicroBlaze_Core_I/sync_reset                                                                                              |                5 |             32 |
|  design_1_i/clk_wiz_1/inst/clk_out1                         | design_1_i/microblaze_0/U0/MicroBlaze_Core_I/Performance.Core/Decode_I/Use_MuxCy[2].OF_Piperun_Stage/MUXCY_I/lopt_1                                                                                     | design_1_i/microblaze_0/U0/MicroBlaze_Core_I/Performance.Core/Decode_I/R                                                                             |               11 |             32 |
|  design_1_i/clk_wiz_1/inst/clk_out1                         | design_1_i/servo_ip_0/inst/srervo_ip_v1_0_S00_AXI_inst/slv_reg_rden                                                                                                                                     | design_1_i/servo_ip_0/inst/srervo_ip_v1_0_S00_AXI_inst/axi_awready_i_1_n_0                                                                           |                8 |             32 |
|  design_1_i/clk_wiz_1/inst/clk_out1                         | design_1_i/servo_ip_0/inst/srervo_ip_v1_0_S00_AXI_inst/s00_axi_rvalid                                                                                                                                   | design_1_i/microblaze_0/U0/MicroBlaze_Core_I/sync_reset                                                                                              |                9 |             32 |
|  design_1_i/mdm_1/U0/No_Dbg_Reg_Access.BUFG_DRCK/Dbg_Clk_31 | design_1_i/microblaze_0/U0/MicroBlaze_Core_I/Performance.Core/Use_Debug_Logic.Master_Core.Debug_Perf/New_Dbg_Instr_TCK                                                                                  |                                                                                                                                                      |                7 |             32 |
|  design_1_i/clk_wiz_1/inst/clk_out1                         | design_1_i/microblaze_0/U0/MicroBlaze_Core_I/Performance.Core/Use_Debug_Logic.Master_Core.Debug_Perf/data_rd_reg[0]_i_1_n_0                                                                             | design_1_i/microblaze_0/U0/MicroBlaze_Core_I/sync_reset                                                                                              |               12 |             32 |
|  design_1_i/clk_wiz_1/inst/clk_out1                         |                                                                                                                                                                                                         | design_1_i/servo_ip_0/inst/srervo_ip_v1_0_S00_AXI_inst/counterPeriod21_carry__3_n_6                                                                  |                9 |             33 |
|  design_1_i/clk_wiz_1/inst/clk_out1                         |                                                                                                                                                                                                         | design_1_i/servo_ip_0/inst/srervo_ip_v1_0_S00_AXI_inst/clear                                                                                         |                9 |             33 |
|  design_1_i/mdm_1/U0/No_Dbg_Reg_Access.BUFG_DRCK/Dbg_Clk_31 | design_1_i/mdm_1/U0/Use_E2.BSCAN_I/Dbg_Capture_0                                                                                                                                                        |                                                                                                                                                      |               13 |             47 |
|  design_1_i/clk_wiz_1/inst/clk_out1                         | design_1_i/microblaze_0/U0/MicroBlaze_Core_I/Performance.Core/Decode_I/Use_MuxCy[2].OF_Piperun_Stage/MUXCY_I/lopt_1                                                                                     | design_1_i/microblaze_0/U0/MicroBlaze_Core_I/sync_reset                                                                                              |               25 |             62 |
|  design_1_i/clk_wiz_1/inst/clk_out1                         |                                                                                                                                                                                                         |                                                                                                                                                      |               31 |             69 |
|  design_1_i/clk_wiz_1/inst/clk_out1                         | design_1_i/microblaze_0/U0/MicroBlaze_Core_I/Performance.Core/Use_Debug_Logic.Master_Core.Debug_Perf/IReady_0                                                                                           |                                                                                                                                                      |               10 |             75 |
|  design_1_i/mdm_1/U0/No_Dbg_Reg_Access.BUFG_DRCK/Dbg_Clk_31 |                                                                                                                                                                                                         |                                                                                                                                                      |               26 |             80 |
|  design_1_i/clk_wiz_1/inst/clk_out1                         | design_1_i/microblaze_0/U0/MicroBlaze_Core_I/Performance.Core/Decode_I/mb_halted_1_reg[32]                                                                                                              |                                                                                                                                                      |               16 |            128 |
|  design_1_i/clk_wiz_1/inst/clk_out1                         |                                                                                                                                                                                                         | design_1_i/microblaze_0/U0/MicroBlaze_Core_I/sync_reset                                                                                              |               62 |            140 |
|  design_1_i/clk_wiz_1/inst/clk_out1                         | design_1_i/microblaze_0/U0/MicroBlaze_Core_I/Performance.Core/Decode_I/Use_MuxCy[10].OF_Piperun_Stage/MUXCY_I/lopt_1                                                                                    | design_1_i/microblaze_0/U0/MicroBlaze_Core_I/sync_reset                                                                                              |               84 |            218 |
+-------------------------------------------------------------+---------------------------------------------------------------------------------------------------------------------------------------------------------------------------------------------------------+------------------------------------------------------------------------------------------------------------------------------------------------------+------------------+----------------+


+--------+-----------------------+
| Fanout | Number of ControlSets |
+--------+-----------------------+
| 1      |                    10 |
| 2      |                     1 |
| 3      |                     1 |
| 4      |                     4 |
| 5      |                     2 |
| 6      |                     4 |
| 8      |                    20 |
| 10     |                     2 |
| 16+    |                    23 |
+--------+-----------------------+


