
*** Running vivado
    with args -log design_1_mdm_1_1.vds -m64 -product Vivado -mode batch -messageDb vivado.pb -notrace -source design_1_mdm_1_1.tcl


****** Vivado v2017.2 (64-bit)
  **** SW Build 1909853 on Thu Jun 15 18:39:09 MDT 2017
  **** IP Build 1909766 on Thu Jun 15 19:58:00 MDT 2017
    ** Copyright 1986-2017 Xilinx, Inc. All Rights Reserved.

source design_1_mdm_1_1.tcl -notrace
Starting RTL Elaboration : Time (s): cpu = 00:00:08 ; elapsed = 00:00:09 . Memory (MB): peak = 363.566 ; gain = 84.695
INFO: [Synth 8-638] synthesizing module 'design_1_mdm_1_1' [c:/Users/Anthony/Documents/ECE532/servo/servo.srcs/sources_1/bd/design_1/ip/design_1_mdm_1_1/synth/design_1_mdm_1_1.vhd:74]
INFO: [Synth 8-638] synthesizing module 'MDM' [c:/Users/Anthony/Documents/ECE532/servo/servo.srcs/sources_1/bd/design_1/ipshared/5967/hdl/mdm_v3_2_vh_rfs.vhd:13762]
INFO: [Synth 8-638] synthesizing module 'MB_BSCANE2' [c:/Users/Anthony/Documents/ECE532/servo/servo.srcs/sources_1/bd/design_1/ipshared/5967/hdl/mdm_v3_2_vh_rfs.vhd:277]
INFO: [Synth 8-256] done synthesizing module 'MB_BSCANE2' (1#1) [c:/Users/Anthony/Documents/ECE532/servo/servo.srcs/sources_1/bd/design_1/ipshared/5967/hdl/mdm_v3_2_vh_rfs.vhd:277]
INFO: [Synth 8-638] synthesizing module 'MB_BUFG' [c:/Users/Anthony/Documents/ECE532/servo/servo.srcs/sources_1/bd/design_1/ipshared/5967/hdl/mdm_v3_2_vh_rfs.vhd:328]
INFO: [Synth 8-256] done synthesizing module 'MB_BUFG' (2#1) [c:/Users/Anthony/Documents/ECE532/servo/servo.srcs/sources_1/bd/design_1/ipshared/5967/hdl/mdm_v3_2_vh_rfs.vhd:328]
INFO: [Synth 8-638] synthesizing module 'MDM_Core' [c:/Users/Anthony/Documents/ECE532/servo/servo.srcs/sources_1/bd/design_1/ipshared/5967/hdl/mdm_v3_2_vh_rfs.vhd:6642]
INFO: [Synth 8-638] synthesizing module 'JTAG_CONTROL' [c:/Users/Anthony/Documents/ECE532/servo/servo.srcs/sources_1/bd/design_1/ipshared/5967/hdl/mdm_v3_2_vh_rfs.vhd:3115]
INFO: [Synth 8-638] synthesizing module 'MB_FDC_1' [c:/Users/Anthony/Documents/ECE532/servo/servo.srcs/sources_1/bd/design_1/ipshared/5967/hdl/mdm_v3_2_vh_rfs.vhd:630]
INFO: [Synth 8-256] done synthesizing module 'MB_FDC_1' (3#1) [c:/Users/Anthony/Documents/ECE532/servo/servo.srcs/sources_1/bd/design_1/ipshared/5967/hdl/mdm_v3_2_vh_rfs.vhd:630]
INFO: [Synth 8-638] synthesizing module 'MB_FDRE_1' [c:/Users/Anthony/Documents/ECE532/servo/servo.srcs/sources_1/bd/design_1/ipshared/5967/hdl/mdm_v3_2_vh_rfs.vhd:690]
INFO: [Synth 8-256] done synthesizing module 'MB_FDRE_1' (4#1) [c:/Users/Anthony/Documents/ECE532/servo/servo.srcs/sources_1/bd/design_1/ipshared/5967/hdl/mdm_v3_2_vh_rfs.vhd:690]
INFO: [Synth 8-638] synthesizing module 'MB_SRL16E' [c:/Users/Anthony/Documents/ECE532/servo/servo.srcs/sources_1/bd/design_1/ipshared/5967/hdl/mdm_v3_2_vh_rfs.vhd:759]
INFO: [Synth 8-256] done synthesizing module 'MB_SRL16E' (5#1) [c:/Users/Anthony/Documents/ECE532/servo/servo.srcs/sources_1/bd/design_1/ipshared/5967/hdl/mdm_v3_2_vh_rfs.vhd:759]
INFO: [Synth 8-638] synthesizing module 'MB_SRL16E__parameterized1' [c:/Users/Anthony/Documents/ECE532/servo/servo.srcs/sources_1/bd/design_1/ipshared/5967/hdl/mdm_v3_2_vh_rfs.vhd:759]
INFO: [Synth 8-256] done synthesizing module 'MB_SRL16E__parameterized1' (5#1) [c:/Users/Anthony/Documents/ECE532/servo/servo.srcs/sources_1/bd/design_1/ipshared/5967/hdl/mdm_v3_2_vh_rfs.vhd:759]
INFO: [Synth 8-638] synthesizing module 'MB_SRL16E__parameterized3' [c:/Users/Anthony/Documents/ECE532/servo/servo.srcs/sources_1/bd/design_1/ipshared/5967/hdl/mdm_v3_2_vh_rfs.vhd:759]
INFO: [Synth 8-256] done synthesizing module 'MB_SRL16E__parameterized3' (5#1) [c:/Users/Anthony/Documents/ECE532/servo/servo.srcs/sources_1/bd/design_1/ipshared/5967/hdl/mdm_v3_2_vh_rfs.vhd:759]
INFO: [Synth 8-638] synthesizing module 'MB_SRL16E__parameterized5' [c:/Users/Anthony/Documents/ECE532/servo/servo.srcs/sources_1/bd/design_1/ipshared/5967/hdl/mdm_v3_2_vh_rfs.vhd:759]
INFO: [Synth 8-256] done synthesizing module 'MB_SRL16E__parameterized5' (5#1) [c:/Users/Anthony/Documents/ECE532/servo/servo.srcs/sources_1/bd/design_1/ipshared/5967/hdl/mdm_v3_2_vh_rfs.vhd:759]
INFO: [Synth 8-256] done synthesizing module 'JTAG_CONTROL' (6#1) [c:/Users/Anthony/Documents/ECE532/servo/servo.srcs/sources_1/bd/design_1/ipshared/5967/hdl/mdm_v3_2_vh_rfs.vhd:3115]
INFO: [Synth 8-256] done synthesizing module 'MDM_Core' (7#1) [c:/Users/Anthony/Documents/ECE532/servo/servo.srcs/sources_1/bd/design_1/ipshared/5967/hdl/mdm_v3_2_vh_rfs.vhd:6642]
INFO: [Synth 8-256] done synthesizing module 'MDM' (8#1) [c:/Users/Anthony/Documents/ECE532/servo/servo.srcs/sources_1/bd/design_1/ipshared/5967/hdl/mdm_v3_2_vh_rfs.vhd:13762]
INFO: [Synth 8-256] done synthesizing module 'design_1_mdm_1_1' (9#1) [c:/Users/Anthony/Documents/ECE532/servo/servo.srcs/sources_1/bd/design_1/ip/design_1_mdm_1_1/synth/design_1_mdm_1_1.vhd:74]
Finished RTL Elaboration : Time (s): cpu = 00:00:17 ; elapsed = 00:00:19 . Memory (MB): peak = 425.461 ; gain = 146.590
Finished RTL Optimization Phase 1 : Time (s): cpu = 00:00:17 ; elapsed = 00:00:19 . Memory (MB): peak = 425.461 ; gain = 146.590
INFO: [Device 21-403] Loading part xc7a100tcsg324-1
Constraint Validation Runtime : Time (s): cpu = 00:00:00 ; elapsed = 00:00:00.105 . Memory (MB): peak = 748.563 ; gain = 0.000
Finished Constraint Validation : Time (s): cpu = 00:00:45 ; elapsed = 00:01:04 . Memory (MB): peak = 748.563 ; gain = 469.691
Finished Loading Part and Timing Information : Time (s): cpu = 00:00:45 ; elapsed = 00:01:04 . Memory (MB): peak = 748.563 ; gain = 469.691
Finished applying 'set_property' XDC Constraints : Time (s): cpu = 00:00:45 ; elapsed = 00:01:04 . Memory (MB): peak = 748.563 ; gain = 469.691
Finished RTL Optimization Phase 2 : Time (s): cpu = 00:00:47 ; elapsed = 00:01:07 . Memory (MB): peak = 748.563 ; gain = 469.691
Finished Cross Boundary and Area Optimization : Time (s): cpu = 00:00:50 ; elapsed = 00:01:10 . Memory (MB): peak = 748.563 ; gain = 469.691
Finished Applying XDC Timing Constraints : Time (s): cpu = 00:01:24 ; elapsed = 00:01:49 . Memory (MB): peak = 748.563 ; gain = 469.691
Finished Timing Optimization : Time (s): cpu = 00:01:25 ; elapsed = 00:01:51 . Memory (MB): peak = 755.848 ; gain = 476.977
Finished Technology Mapping : Time (s): cpu = 00:01:26 ; elapsed = 00:01:52 . Memory (MB): peak = 766.156 ; gain = 487.285
Finished IO Insertion : Time (s): cpu = 00:01:28 ; elapsed = 00:01:55 . Memory (MB): peak = 766.156 ; gain = 487.285
Finished Renaming Generated Instances : Time (s): cpu = 00:01:28 ; elapsed = 00:01:55 . Memory (MB): peak = 766.156 ; gain = 487.285
Finished Rebuilding User Hierarchy : Time (s): cpu = 00:01:28 ; elapsed = 00:01:55 . Memory (MB): peak = 766.156 ; gain = 487.285
Finished Renaming Generated Ports : Time (s): cpu = 00:01:28 ; elapsed = 00:01:55 . Memory (MB): peak = 766.156 ; gain = 487.285
Finished Handling Custom Attributes : Time (s): cpu = 00:01:28 ; elapsed = 00:01:55 . Memory (MB): peak = 766.156 ; gain = 487.285
Finished Renaming Generated Nets : Time (s): cpu = 00:01:28 ; elapsed = 00:01:55 . Memory (MB): peak = 766.156 ; gain = 487.285

Report Cell Usage: 
+------+--------+------+
|      |Cell    |Count |
+------+--------+------+
|1     |BSCANE2 |     1|
|2     |BUFG    |     1|
|3     |LUT1    |     2|
|4     |LUT2    |    14|
|5     |LUT3    |    28|
|6     |LUT4    |    14|
|7     |LUT5    |    17|
|8     |LUT6    |    34|
|9     |SRL16E  |     7|
|10    |FDCE    |   100|
|11    |FDC_1   |     1|
|12    |FDPE    |     7|
|13    |FDRE    |     3|
|14    |FDRE_1  |     1|
+------+--------+------+
Finished Writing Synthesis Report : Time (s): cpu = 00:01:28 ; elapsed = 00:01:55 . Memory (MB): peak = 766.156 ; gain = 487.285
synth_design: Time (s): cpu = 00:01:33 ; elapsed = 00:02:02 . Memory (MB): peak = 766.156 ; gain = 489.363
