
*** Running vivado
    with args -log design_1_ilmb_v10_1.vds -m64 -product Vivado -mode batch -messageDb vivado.pb -notrace -source design_1_ilmb_v10_1.tcl


****** Vivado v2017.2 (64-bit)
  **** SW Build 1909853 on Thu Jun 15 18:39:09 MDT 2017
  **** IP Build 1909766 on Thu Jun 15 19:58:00 MDT 2017
    ** Copyright 1986-2017 Xilinx, Inc. All Rights Reserved.

source design_1_ilmb_v10_1.tcl -notrace
Starting RTL Elaboration : Time (s): cpu = 00:00:10 ; elapsed = 00:00:13 . Memory (MB): peak = 350.148 ; gain = 85.773
INFO: [Synth 8-638] synthesizing module 'design_1_ilmb_v10_1' [c:/Users/Anthony/Documents/ECE532/servo/servo.srcs/sources_1/bd/design_1/ip/design_1_ilmb_v10_1/synth/design_1_ilmb_v10_1.vhd:89]
INFO: [Synth 8-638] synthesizing module 'lmb_v10' [c:/Users/Anthony/Documents/ECE532/servo/servo.srcs/sources_1/bd/design_1/ipshared/162e/hdl/lmb_v10_v3_0_vh_rfs.vhd:140]
INFO: [Synth 8-638] synthesizing module 'FDS' [C:/Xilinx/Vivado/2017.2/scripts/rt/data/unisim_comp.v:4087]
INFO: [Synth 8-256] done synthesizing module 'FDS' (1#1) [C:/Xilinx/Vivado/2017.2/scripts/rt/data/unisim_comp.v:4087]
INFO: [Synth 8-256] done synthesizing module 'lmb_v10' (2#1) [c:/Users/Anthony/Documents/ECE532/servo/servo.srcs/sources_1/bd/design_1/ipshared/162e/hdl/lmb_v10_v3_0_vh_rfs.vhd:140]
INFO: [Synth 8-256] done synthesizing module 'design_1_ilmb_v10_1' (3#1) [c:/Users/Anthony/Documents/ECE532/servo/servo.srcs/sources_1/bd/design_1/ip/design_1_ilmb_v10_1/synth/design_1_ilmb_v10_1.vhd:89]
Finished RTL Elaboration : Time (s): cpu = 00:00:13 ; elapsed = 00:00:16 . Memory (MB): peak = 399.977 ; gain = 135.602
Finished RTL Optimization Phase 1 : Time (s): cpu = 00:00:14 ; elapsed = 00:00:16 . Memory (MB): peak = 399.977 ; gain = 135.602
INFO: [Device 21-403] Loading part xc7a100tcsg324-1
Constraint Validation Runtime : Time (s): cpu = 00:00:00 ; elapsed = 00:00:00.080 . Memory (MB): peak = 633.184 ; gain = 0.004
Finished Constraint Validation : Time (s): cpu = 00:00:48 ; elapsed = 00:01:08 . Memory (MB): peak = 633.184 ; gain = 368.809
Finished Loading Part and Timing Information : Time (s): cpu = 00:00:48 ; elapsed = 00:01:08 . Memory (MB): peak = 633.184 ; gain = 368.809
Finished applying 'set_property' XDC Constraints : Time (s): cpu = 00:00:48 ; elapsed = 00:01:09 . Memory (MB): peak = 633.184 ; gain = 368.809
Finished RTL Optimization Phase 2 : Time (s): cpu = 00:00:48 ; elapsed = 00:01:09 . Memory (MB): peak = 633.184 ; gain = 368.809
Finished Cross Boundary and Area Optimization : Time (s): cpu = 00:00:50 ; elapsed = 00:01:11 . Memory (MB): peak = 633.184 ; gain = 368.809
Finished Applying XDC Timing Constraints : Time (s): cpu = 00:01:35 ; elapsed = 00:02:05 . Memory (MB): peak = 698.578 ; gain = 434.203
Finished Timing Optimization : Time (s): cpu = 00:01:35 ; elapsed = 00:02:05 . Memory (MB): peak = 698.578 ; gain = 434.203
Finished Technology Mapping : Time (s): cpu = 00:01:35 ; elapsed = 00:02:05 . Memory (MB): peak = 708.105 ; gain = 443.730
Finished IO Insertion : Time (s): cpu = 00:01:38 ; elapsed = 00:02:08 . Memory (MB): peak = 708.105 ; gain = 443.730
Finished Renaming Generated Instances : Time (s): cpu = 00:01:38 ; elapsed = 00:02:08 . Memory (MB): peak = 708.105 ; gain = 443.730
Finished Rebuilding User Hierarchy : Time (s): cpu = 00:01:38 ; elapsed = 00:02:08 . Memory (MB): peak = 708.105 ; gain = 443.730
Finished Renaming Generated Ports : Time (s): cpu = 00:01:38 ; elapsed = 00:02:08 . Memory (MB): peak = 708.105 ; gain = 443.730
Finished Handling Custom Attributes : Time (s): cpu = 00:01:38 ; elapsed = 00:02:08 . Memory (MB): peak = 708.105 ; gain = 443.730
Finished Renaming Generated Nets : Time (s): cpu = 00:01:38 ; elapsed = 00:02:08 . Memory (MB): peak = 708.105 ; gain = 443.730

Report Cell Usage: 
+------+-----+------+
|      |Cell |Count |
+------+-----+------+
|1     |FDS  |     1|
+------+-----+------+
Finished Writing Synthesis Report : Time (s): cpu = 00:01:38 ; elapsed = 00:02:08 . Memory (MB): peak = 708.105 ; gain = 443.730
synth_design: Time (s): cpu = 00:01:44 ; elapsed = 00:02:16 . Memory (MB): peak = 721.160 ; gain = 457.637
