22:37:26 INFO  : Registering command handlers for SDK TCF services
22:37:27 INFO  : Launching XSCT server: xsct.bat -interactive C:\Users\Anthony\Documents\ECE532\servo\servo.sdk\temp_xsdb_launch_script.tcl
22:37:31 INFO  : XSCT server has started successfully.
22:37:39 INFO  : Processing command line option -hwspec C:/Users/Anthony/Documents/ECE532/servo/servo.sdk/design_1_wrapper.hdf.
22:37:39 INFO  : Successfully done setting XSCT server connection channel  
22:37:39 INFO  : Successfully done setting SDK workspace  
22:54:55 INFO  : Saving repository preferences.
22:54:55 INFO  : Reading in cores from local repositories: 
		 C:\Users\Anthony\Documents\ECE532\servo\servo.sdk\design_1_wrapper_hw_platform_0
22:54:55 INFO  : Cleaning BSP projects in the workspace.
22:54:56 INFO  : Saving repository preferences.
22:55:27 INFO  : Saving repository preferences.
22:55:27 INFO  : Reading in cores from global repositories: 
		 C:\Users\Anthony\Documents\ECE532\servo\servo.sdk\design_1_wrapper_hw_platform_0
22:55:27 INFO  : Cleaning BSP projects in the workspace.
22:55:40 INFO  : Saving repository preferences.
20:20:29 INFO  : Registering command handlers for SDK TCF services
20:20:30 INFO  : Launching XSCT server: xsct.bat -interactive C:\Users\Anthony\Documents\ECE532\servo\servo.sdk\temp_xsdb_launch_script.tcl
20:20:34 INFO  : XSCT server has started successfully.
20:20:42 INFO  : Successfully done setting XSCT server connection channel  
20:20:42 INFO  : Restoring global repository preferences: 
		 C:\Users\Anthony\Documents\ECE532\servo\servo.sdk\design_1_wrapper_hw_platform_0
20:20:42 INFO  : Successfully done setting SDK workspace  
20:20:42 INFO  : Restoring local repository preferences: 
		 C:\Users\Anthony\Documents\ECE532\servo\servo.sdk\design_1_wrapper_hw_platform_0
20:20:42 INFO  : Processing command line option -hwspec C:/Users/Anthony/Documents/ECE532/servo/servo.sdk/design_1_wrapper.hdf.
20:20:42 INFO  : Checking for hwspec changes in the project design_1_wrapper_hw_platform_0.
20:20:42 INFO  : SDK has detected change in the last modified timestamps for source hardware specification file Source:1517793598059,  Project:1517715413362
20:20:42 INFO  : The hardware specification for project 'design_1_wrapper_hw_platform_0' is different from C:/Users/Anthony/Documents/ECE532/servo/servo.sdk/design_1_wrapper.hdf.
20:20:42 INFO  : Copied contents of C:/Users/Anthony/Documents/ECE532/servo/servo.sdk/design_1_wrapper.hdf into \design_1_wrapper_hw_platform_0\system.hdf.
20:20:42 INFO  : Synchronizing projects in the workspace with the hardware platform specification changes.
20:20:55 INFO  : 
20:20:57 INFO  : Updating hardware inferred compiler options for servo.
20:21:01 INFO  : Clearing existing target manager status.
22:53:23 INFO  : SDK has detected change in the last modified timestamps for source hardware specification file Source:1517802799467,  Project:1517793598059
22:53:23 INFO  : Project design_1_wrapper_hw_platform_0's source hardware specification located at C:/Users/Anthony/Documents/ECE532/servo/servo.sdk/design_1_wrapper.hdf is now different from the local copy.
		 The local copy will be replaced with the source specification and your workspace will be updated.
22:53:41 INFO  : Copied contents of C:/Users/Anthony/Documents/ECE532/servo/servo.sdk/design_1_wrapper.hdf into \design_1_wrapper_hw_platform_0\system.hdf.
22:53:46 INFO  : Synchronizing projects in the workspace with the hardware platform specification changes.
22:54:00 INFO  : 
22:54:01 INFO  : Updating hardware inferred compiler options for servo.
22:54:01 INFO  : Clearing existing target manager status.
01:16:31 ERROR : Unexpected error while fetching XMD's response: 
java.net.SocketException: Connection reset
	at java.net.SocketInputStream.read(SocketInputStream.java:209)
	at java.net.SocketInputStream.read(SocketInputStream.java:141)
	at sun.nio.cs.StreamDecoder.readBytes(StreamDecoder.java:284)
	at sun.nio.cs.StreamDecoder.implRead(StreamDecoder.java:326)
	at sun.nio.cs.StreamDecoder.read(StreamDecoder.java:178)
	at java.io.InputStreamReader.read(InputStreamReader.java:184)
	at java.io.BufferedReader.fill(BufferedReader.java:161)
	at java.io.BufferedReader.read(BufferedReader.java:182)
	at com.xilinx.sdk.targetmanager.internal.json.XMDJSONProcess$CommandResultsReader.run(XMDJSONProcess.java:332)
	at java.lang.Thread.run(Thread.java:745)
01:16:31 ERROR : Zero sized response read from XMD. This indicates a communication error or a programming error.
13:47:15 INFO  : Registering command handlers for SDK TCF services
13:47:15 INFO  : Launching XSCT server: xsct.bat -interactive C:\Users\Anthony\Documents\ECE532\servo\servo.sdk\temp_xsdb_launch_script.tcl
13:47:24 INFO  : XSCT server has started successfully.
13:47:34 INFO  : Restoring global repository preferences: 
		 C:\Users\Anthony\Documents\ECE532\servo\servo.sdk\design_1_wrapper_hw_platform_0
13:47:34 INFO  : Successfully done setting XSCT server connection channel  
13:47:34 INFO  : Restoring local repository preferences: 
		 C:\Users\Anthony\Documents\ECE532\servo\servo.sdk\design_1_wrapper_hw_platform_0
13:47:34 INFO  : Successfully done setting SDK workspace  
13:47:34 INFO  : Processing command line option -hwspec C:/Users/Anthony/Documents/ECE532/servo/servo.sdk/design_1_wrapper.hdf.
13:47:34 INFO  : Checking for hwspec changes in the project design_1_wrapper_hw_platform_0.
13:47:34 INFO  : SDK has detected change in the last modified timestamps for source hardware specification file Source:1517856404179,  Project:1517802799467
13:47:34 INFO  : The hardware specification for project 'design_1_wrapper_hw_platform_0' is different from C:/Users/Anthony/Documents/ECE532/servo/servo.sdk/design_1_wrapper.hdf.
13:48:07 INFO  : Copied contents of C:/Users/Anthony/Documents/ECE532/servo/servo.sdk/design_1_wrapper.hdf into \design_1_wrapper_hw_platform_0\system.hdf.
13:48:07 INFO  : Synchronizing projects in the workspace with the hardware platform specification changes.
13:48:17 INFO  : 
13:48:57 INFO  : Updating hardware inferred compiler options for servo.
13:48:57 INFO  : Clearing existing target manager status.
16:42:41 ERROR : Unexpected error while parsing XMD response ?: com.google.gson.JsonSyntaxException: com.google.gson.stream.MalformedJsonException: invalid number or unquoted string near 
16:43:11 INFO  : Registering command handlers for SDK TCF services
16:43:11 INFO  : Launching XSCT server: xsct.bat -interactive C:\Users\Anthony\Documents\ECE532\servo\servo.sdk\temp_xsdb_launch_script.tcl
16:43:20 INFO  : XSCT server has started successfully.
16:43:30 INFO  : Successfully done setting XSCT server connection channel  
16:43:30 INFO  : Restoring global repository preferences: 
		 C:\Users\Anthony\Documents\ECE532\servo\servo.sdk\design_1_wrapper_hw_platform_0
16:43:31 INFO  : Successfully done setting SDK workspace  
16:43:31 INFO  : Restoring local repository preferences: 
		 C:\Users\Anthony\Documents\ECE532\servo\servo.sdk\design_1_wrapper_hw_platform_0
16:43:31 INFO  : Processing command line option -hwspec C:/Users/Anthony/Documents/ECE532/servo/servo.sdk/design_1_wrapper.hdf.
16:43:31 INFO  : Checking for hwspec changes in the project design_1_wrapper_hw_platform_0.
17:04:06 ERROR : (XSDB Server)invalid command name "DIS"

17:04:08 ERROR : (XSDB Server)Invalid target. Use "connect" command to connect to hw_server/TCF agent

12:33:48 INFO  : Registering command handlers for SDK TCF services
12:33:49 INFO  : Launching XSCT server: xsct.bat -interactive C:\Users\Anthony\Documents\ECE532\servo\servo.sdk\temp_xsdb_launch_script.tcl
12:33:53 INFO  : XSCT server has started successfully.
12:34:01 INFO  : Successfully done setting XSCT server connection channel  
12:34:01 INFO  : Restoring global repository preferences: 
		 C:\Users\Anthony\Documents\ECE532\servo\servo.sdk\design_1_wrapper_hw_platform_0
12:34:01 INFO  : Successfully done setting SDK workspace  
12:34:01 INFO  : Restoring local repository preferences: 
		 C:\Users\Anthony\Documents\ECE532\servo\servo.sdk\design_1_wrapper_hw_platform_0
12:34:01 INFO  : Processing command line option -hwspec C:/Users/Anthony/Documents/ECE532/servo/servo.sdk/design_1_wrapper.hdf.
12:34:01 INFO  : Checking for hwspec changes in the project design_1_wrapper_hw_platform_0.
13:08:53 INFO  : Registering command handlers for SDK TCF services
13:08:54 INFO  : Launching XSCT server: xsct.bat -interactive C:\Users\Anthony\Documents\ECE532\servo\servo.sdk\temp_xsdb_launch_script.tcl
13:08:58 INFO  : XSCT server has started successfully.
13:09:14 INFO  : Restoring global repository preferences: 
		 C:\Users\Anthony\Documents\ECE532\servo\servo.sdk\design_1_wrapper_hw_platform_0
13:09:14 INFO  : Successfully done setting XSCT server connection channel  
13:09:14 INFO  : Restoring local repository preferences: 
		 C:\Users\Anthony\Documents\ECE532\servo\servo.sdk\design_1_wrapper_hw_platform_0
13:09:14 INFO  : Successfully done setting SDK workspace  
13:09:14 INFO  : Processing command line option -hwspec C:/Users/Anthony/Documents/ECE532/servo/servo.sdk/design_1_wrapper.hdf.
13:09:14 INFO  : Checking for hwspec changes in the project design_1_wrapper_hw_platform_0.
